{"C:\\Users\\User\\frontend_proyecto_adopcion_de_mascotas\\src\\App.tsx": {"path":"C:\\Users\\User\\frontend_proyecto_adopcion_de_mascotas\\src\\App.tsx","statementMap":{"0":{"start":{"line":7,"column":18},"end":{"line":7,"column":38}},"1":{"start":{"line":8,"column":2},"end":{"line":8,"column":48}}},"fnMap":{"0":{"name":"App","decl":{"start":{"line":6,"column":24},"end":{"line":6,"column":27}},"loc":{"start":{"line":6,"column":43},"end":{"line":9,"column":1}},"line":6}},"branchMap":{},"s":{"0":0,"1":0},"f":{"0":0},"b":{}}
,"C:\\Users\\User\\frontend_proyecto_adopcion_de_mascotas\\src\\components\\TestMUI.tsx": {"path":"C:\\Users\\User\\frontend_proyecto_adopcion_de_mascotas\\src\\components\\TestMUI.tsx","statementMap":{"0":{"start":{"line":20,"column":26},"end":{"line":20,"column":60}},"1":{"start":{"line":22,"column":16},"end":{"line":28,"column":3}},"2":{"start":{"line":24,"column":6},"end":{"line":26,"column":8}},"3":{"start":{"line":30,"column":2},"end":{"line":75,"column":4}},"4":{"start":{"line":43,"column":29},"end":{"line":43,"column":78}},"5":{"start":{"line":43,"column":45},"end":{"line":43,"column":76}}},"fnMap":{"0":{"name":"TestMUI","decl":{"start":{"line":19,"column":24},"end":{"line":19,"column":31}},"loc":{"start":{"line":19,"column":47},"end":{"line":76,"column":1}},"line":19},"1":{"name":"(anonymous_1)","decl":{"start":{"line":23,"column":4},"end":{"line":23,"column":5}},"loc":{"start":{"line":24,"column":6},"end":{"line":26,"column":8}},"line":24},"2":{"name":"(anonymous_2)","decl":{"start":{"line":43,"column":23},"end":{"line":43,"column":24}},"loc":{"start":{"line":43,"column":29},"end":{"line":43,"column":78}},"line":43},"3":{"name":"(anonymous_3)","decl":{"start":{"line":43,"column":37},"end":{"line":43,"column":38}},"loc":{"start":{"line":43,"column":45},"end":{"line":43,"column":76}},"line":43}},"branchMap":{"0":{"loc":{"start":{"line":42,"column":25},"end":{"line":42,"column":79}},"type":"cond-expr","locations":[{"start":{"line":42,"column":43},"end":{"line":42,"column":60}},{"start":{"line":42,"column":63},"end":{"line":42,"column":79}}],"line":42},"1":{"loc":{"start":{"line":43,"column":45},"end":{"line":43,"column":76}},"type":"cond-expr","locations":[{"start":{"line":43,"column":60},"end":{"line":43,"column":67}},{"start":{"line":43,"column":70},"end":{"line":43,"column":76}}],"line":43},"2":{"loc":{"start":{"line":45,"column":25},"end":{"line":45,"column":61}},"type":"cond-expr","locations":[{"start":{"line":45,"column":43},"end":{"line":45,"column":50}},{"start":{"line":45,"column":53},"end":{"line":45,"column":61}}],"line":45}},"s":{"0":0,"1":0,"2":0,"3":0,"4":0,"5":0},"f":{"0":0,"1":0,"2":0,"3":0},"b":{"0":[0,0],"1":[0,0],"2":[0,0]}}
,"C:\\Users\\User\\frontend_proyecto_adopcion_de_mascotas\\src\\components\\auth\\LoginError.tsx": {"path":"C:\\Users\\User\\frontend_proyecto_adopcion_de_mascotas\\src\\components\\auth\\LoginError.tsx","statementMap":{"0":{"start":{"line":4,"column":2},"end":{"line":4,"column":28}},"1":{"start":{"line":4,"column":16},"end":{"line":4,"column":28}},"2":{"start":{"line":5,"column":2},"end":{"line":9,"column":4}}},"fnMap":{"0":{"name":"LoginError","decl":{"start":{"line":3,"column":24},"end":{"line":3,"column":34}},"loc":{"start":{"line":3,"column":69},"end":{"line":10,"column":1}},"line":3}},"branchMap":{"0":{"loc":{"start":{"line":4,"column":2},"end":{"line":4,"column":28}},"type":"if","locations":[{"start":{"line":4,"column":2},"end":{"line":4,"column":28}},{"start":{},"end":{}}],"line":4}},"s":{"0":1,"1":0,"2":1},"f":{"0":1},"b":{"0":[0,1]},"_coverageSchema":"1a1c01bbd47fc00a2c39e90264f33305004495a9","hash":"3609494be9d2f8252f7f1d78c8ba59fcf378fdfa"}
,"C:\\Users\\User\\frontend_proyecto_adopcion_de_mascotas\\src\\components\\categories\\CategoryFormDialog.tsx": {"path":"C:\\Users\\User\\frontend_proyecto_adopcion_de_mascotas\\src\\components\\categories\\CategoryFormDialog.tsx","statementMap":{"0":{"start":{"line":5,"column":26},"end":{"line":5,"column":38}},"1":{"start":{"line":7,"column":2},"end":{"line":26,"column":4}},"2":{"start":{"line":9,"column":31},"end":{"line":9,"column":50}},"3":{"start":{"line":9,"column":51},"end":{"line":9,"column":70}},"4":{"start":{"line":17,"column":31},"end":{"line":17,"column":54}}},"fnMap":{"0":{"name":"CategoryFormDialog","decl":{"start":{"line":4,"column":24},"end":{"line":4,"column":42}},"loc":{"start":{"line":4,"column":77},"end":{"line":27,"column":1}},"line":4},"1":{"name":"(anonymous_1)","decl":{"start":{"line":9,"column":22},"end":{"line":9,"column":23}},"loc":{"start":{"line":9,"column":29},"end":{"line":9,"column":72}},"line":9},"2":{"name":"(anonymous_2)","decl":{"start":{"line":17,"column":24},"end":{"line":17,"column":25}},"loc":{"start":{"line":17,"column":31},"end":{"line":17,"column":54}},"line":17}},"branchMap":{},"s":{"0":2,"1":2,"2":1,"3":1,"4":1},"f":{"0":2,"1":1,"2":1},"b":{},"_coverageSchema":"1a1c01bbd47fc00a2c39e90264f33305004495a9","hash":"d60003372086e3e19a4fe6168e64e642e58e0391"}
,"C:\\Users\\User\\frontend_proyecto_adopcion_de_mascotas\\src\\components\\common\\CommonFormDialog.tsx": {"path":"C:\\Users\\User\\frontend_proyecto_adopcion_de_mascotas\\src\\components\\common\\CommonFormDialog.tsx","statementMap":{"0":{"start":{"line":4,"column":2},"end":{"line":15,"column":4}}},"fnMap":{"0":{"name":"CommonFormDialog","decl":{"start":{"line":3,"column":24},"end":{"line":3,"column":40}},"loc":{"start":{"line":3,"column":97},"end":{"line":16,"column":1}},"line":3}},"branchMap":{},"s":{"0":1},"f":{"0":1},"b":{},"_coverageSchema":"1a1c01bbd47fc00a2c39e90264f33305004495a9","hash":"e67abc6fd97ed4a27f7adc76f6a3d3e4b3788929"}
,"C:\\Users\\User\\frontend_proyecto_adopcion_de_mascotas\\src\\components\\pets\\VaccinationStatus.tsx": {"path":"C:\\Users\\User\\frontend_proyecto_adopcion_de_mascotas\\src\\components\\pets\\VaccinationStatus.tsx","statementMap":{"0":{"start":{"line":4,"column":2},"end":{"line":8,"column":4}}},"fnMap":{"0":{"name":"VaccinationStatus","decl":{"start":{"line":3,"column":24},"end":{"line":3,"column":41}},"loc":{"start":{"line":3,"column":81},"end":{"line":9,"column":1}},"line":3}},"branchMap":{"0":{"loc":{"start":{"line":5,"column":15},"end":{"line":5,"column":47}},"type":"cond-expr","locations":[{"start":{"line":5,"column":27},"end":{"line":5,"column":36}},{"start":{"line":5,"column":39},"end":{"line":5,"column":47}}],"line":5},"1":{"loc":{"start":{"line":6,"column":7},"end":{"line":6,"column":54}},"type":"cond-expr","locations":[{"start":{"line":6,"column":19},"end":{"line":6,"column":40}},{"start":{"line":6,"column":43},"end":{"line":6,"column":54}}],"line":6}},"s":{"0":1},"f":{"0":1},"b":{"0":[1,0],"1":[1,0]},"_coverageSchema":"1a1c01bbd47fc00a2c39e90264f33305004495a9","hash":"e41453929c1c466ff2921a7ac2cc252ba54cb22f"}
,"C:\\Users\\User\\frontend_proyecto_adopcion_de_mascotas\\src\\components\\posts\\PostFormDialog.tsx": {"path":"C:\\Users\\User\\frontend_proyecto_adopcion_de_mascotas\\src\\components\\posts\\PostFormDialog.tsx","statementMap":{"0":{"start":{"line":5,"column":28},"end":{"line":5,"column":40}},"1":{"start":{"line":6,"column":32},"end":{"line":6,"column":44}},"2":{"start":{"line":8,"column":19},"end":{"line":11,"column":3}},"3":{"start":{"line":9,"column":4},"end":{"line":9,"column":23}},"4":{"start":{"line":10,"column":4},"end":{"line":10,"column":33}},"5":{"start":{"line":13,"column":2},"end":{"line":47,"column":4}},"6":{"start":{"line":25,"column":31},"end":{"line":25,"column":55}},"7":{"start":{"line":36,"column":31},"end":{"line":36,"column":57}}},"fnMap":{"0":{"name":"PostFormDialog","decl":{"start":{"line":4,"column":24},"end":{"line":4,"column":38}},"loc":{"start":{"line":4,"column":73},"end":{"line":48,"column":1}},"line":4},"1":{"name":"(anonymous_1)","decl":{"start":{"line":8,"column":19},"end":{"line":8,"column":20}},"loc":{"start":{"line":8,"column":31},"end":{"line":11,"column":3}},"line":8},"2":{"name":"(anonymous_2)","decl":{"start":{"line":25,"column":24},"end":{"line":25,"column":25}},"loc":{"start":{"line":25,"column":31},"end":{"line":25,"column":55}},"line":25},"3":{"name":"(anonymous_3)","decl":{"start":{"line":36,"column":24},"end":{"line":36,"column":25}},"loc":{"start":{"line":36,"column":31},"end":{"line":36,"column":57}},"line":36}},"branchMap":{},"s":{"0":3,"1":3,"2":3,"3":1,"4":1,"5":3,"6":1,"7":1},"f":{"0":3,"1":1,"2":1,"3":1},"b":{},"_coverageSchema":"1a1c01bbd47fc00a2c39e90264f33305004495a9","hash":"59dd5f33cb877b41207b58383c442a1406e1aafa"}
,"C:\\Users\\User\\frontend_proyecto_adopcion_de_mascotas\\src\\components\\public\\PublicFooter.tsx": {"path":"C:\\Users\\User\\frontend_proyecto_adopcion_de_mascotas\\src\\components\\public\\PublicFooter.tsx","statementMap":{"0":{"start":{"line":5,"column":2},"end":{"line":31,"column":4}},"1":{"start":{"line":20,"column":27},"end":{"line":20,"column":50}}},"fnMap":{"0":{"name":"PublicFooter","decl":{"start":{"line":4,"column":24},"end":{"line":4,"column":36}},"loc":{"start":{"line":4,"column":52},"end":{"line":32,"column":1}},"line":4},"1":{"name":"(anonymous_1)","decl":{"start":{"line":20,"column":16},"end":{"line":20,"column":17}},"loc":{"start":{"line":20,"column":27},"end":{"line":20,"column":50}},"line":20}},"branchMap":{},"s":{"0":0,"1":0},"f":{"0":0,"1":0},"b":{}}
,"C:\\Users\\User\\frontend_proyecto_adopcion_de_mascotas\\src\\components\\public\\PublicHeader.tsx": {"path":"C:\\Users\\User\\frontend_proyecto_adopcion_de_mascotas\\src\\components\\public\\PublicHeader.tsx","statementMap":{"0":{"start":{"line":5,"column":2},"end":{"line":45,"column":4}}},"fnMap":{"0":{"name":"PublicHeader","decl":{"start":{"line":4,"column":24},"end":{"line":4,"column":36}},"loc":{"start":{"line":4,"column":52},"end":{"line":46,"column":1}},"line":4}},"branchMap":{},"s":{"0":0},"f":{"0":0},"b":{}}
,"C:\\Users\\User\\frontend_proyecto_adopcion_de_mascotas\\src\\components\\users\\UserFormDialog.tsx": {"path":"C:\\Users\\User\\frontend_proyecto_adopcion_de_mascotas\\src\\components\\users\\UserFormDialog.tsx","statementMap":{"0":{"start":{"line":26,"column":36},"end":{"line":26,"column":48}},"1":{"start":{"line":27,"column":30},"end":{"line":27,"column":42}},"2":{"start":{"line":28,"column":36},"end":{"line":28,"column":48}},"3":{"start":{"line":29,"column":28},"end":{"line":29,"column":44}},"4":{"start":{"line":31,"column":4},"end":{"line":38,"column":24}},"5":{"start":{"line":32,"column":6},"end":{"line":37,"column":7}},"6":{"start":{"line":33,"column":8},"end":{"line":33,"column":45}},"7":{"start":{"line":34,"column":8},"end":{"line":34,"column":39}},"8":{"start":{"line":35,"column":8},"end":{"line":35,"column":53}},"9":{"start":{"line":36,"column":8},"end":{"line":36,"column":24}},"10":{"start":{"line":40,"column":25},"end":{"line":48,"column":5}},"11":{"start":{"line":41,"column":6},"end":{"line":41,"column":25}},"12":{"start":{"line":42,"column":6},"end":{"line":47,"column":9}},"13":{"start":{"line":50,"column":4},"end":{"line":110,"column":6}},"14":{"start":{"line":58,"column":31},"end":{"line":58,"column":58}},"15":{"start":{"line":68,"column":31},"end":{"line":68,"column":55}},"16":{"start":{"line":78,"column":33},"end":{"line":78,"column":60}},"17":{"start":{"line":90,"column":33},"end":{"line":90,"column":64}}},"fnMap":{"0":{"name":"UserFormDialog","decl":{"start":{"line":25,"column":26},"end":{"line":25,"column":40}},"loc":{"start":{"line":25,"column":105},"end":{"line":111,"column":3}},"line":25},"1":{"name":"(anonymous_1)","decl":{"start":{"line":31,"column":14},"end":{"line":31,"column":15}},"loc":{"start":{"line":31,"column":20},"end":{"line":38,"column":5}},"line":31},"2":{"name":"(anonymous_2)","decl":{"start":{"line":40,"column":25},"end":{"line":40,"column":26}},"loc":{"start":{"line":40,"column":49},"end":{"line":48,"column":5}},"line":40},"3":{"name":"(anonymous_3)","decl":{"start":{"line":58,"column":24},"end":{"line":58,"column":25}},"loc":{"start":{"line":58,"column":31},"end":{"line":58,"column":58}},"line":58},"4":{"name":"(anonymous_4)","decl":{"start":{"line":68,"column":24},"end":{"line":68,"column":25}},"loc":{"start":{"line":68,"column":31},"end":{"line":68,"column":55}},"line":68},"5":{"name":"(anonymous_5)","decl":{"start":{"line":78,"column":26},"end":{"line":78,"column":27}},"loc":{"start":{"line":78,"column":33},"end":{"line":78,"column":60}},"line":78},"6":{"name":"(anonymous_6)","decl":{"start":{"line":90,"column":26},"end":{"line":90,"column":27}},"loc":{"start":{"line":90,"column":33},"end":{"line":90,"column":64}},"line":90}},"branchMap":{"0":{"loc":{"start":{"line":32,"column":6},"end":{"line":37,"column":7}},"type":"if","locations":[{"start":{"line":32,"column":6},"end":{"line":37,"column":7}},{"start":{},"end":{}}],"line":32},"1":{"loc":{"start":{"line":33,"column":20},"end":{"line":33,"column":43}},"type":"binary-expr","locations":[{"start":{"line":33,"column":20},"end":{"line":33,"column":37}},{"start":{"line":33,"column":41},"end":{"line":33,"column":43}}],"line":33},"2":{"loc":{"start":{"line":34,"column":17},"end":{"line":34,"column":37}},"type":"binary-expr","locations":[{"start":{"line":34,"column":17},"end":{"line":34,"column":31}},{"start":{"line":34,"column":35},"end":{"line":34,"column":37}}],"line":34},"3":{"loc":{"start":{"line":35,"column":16},"end":{"line":35,"column":51}},"type":"binary-expr","locations":[{"start":{"line":35,"column":17},"end":{"line":35,"column":40}},{"start":{"line":35,"column":45},"end":{"line":35,"column":51}}],"line":35},"4":{"loc":{"start":{"line":45,"column":18},"end":{"line":45,"column":58}},"type":"cond-expr","locations":[{"start":{"line":45,"column":38},"end":{"line":45,"column":46}},{"start":{"line":45,"column":49},"end":{"line":45,"column":58}}],"line":45},"5":{"loc":{"start":{"line":46,"column":14},"end":{"line":46,"column":31}},"type":"binary-expr","locations":[{"start":{"line":46,"column":14},"end":{"line":46,"column":18}},{"start":{"line":46,"column":22},"end":{"line":46,"column":31}}],"line":46},"6":{"loc":{"start":{"line":52,"column":22},"end":{"line":52,"column":76}},"type":"cond-expr","locations":[{"start":{"line":52,"column":42},"end":{"line":52,"column":57}},{"start":{"line":52,"column":60},"end":{"line":52,"column":76}}],"line":52},"7":{"loc":{"start":{"line":73,"column":13},"end":{"line":82,"column":20}},"type":"cond-expr","locations":[{"start":{"line":74,"column":14},"end":{"line":81,"column":16}},{"start":{"line":82,"column":16},"end":{"line":82,"column":20}}],"line":73},"8":{"loc":{"start":{"line":102,"column":26},"end":{"line":102,"column":95}},"type":"binary-expr","locations":[{"start":{"line":102,"column":26},"end":{"line":102,"column":42}},{"start":{"line":102,"column":46},"end":{"line":102,"column":59}},{"start":{"line":102,"column":64},"end":{"line":102,"column":81}},{"start":{"line":102,"column":85},"end":{"line":102,"column":94}}],"line":102}},"s":{"0":0,"1":0,"2":0,"3":0,"4":0,"5":0,"6":0,"7":0,"8":0,"9":0,"10":0,"11":0,"12":0,"13":0,"14":0,"15":0,"16":0,"17":0},"f":{"0":0,"1":0,"2":0,"3":0,"4":0,"5":0,"6":0},"b":{"0":[0,0],"1":[0,0],"2":[0,0],"3":[0,0],"4":[0,0],"5":[0,0],"6":[0,0],"7":[0,0],"8":[0,0,0,0]}}
,"C:\\Users\\User\\frontend_proyecto_adopcion_de_mascotas\\src\\components\\users\\UserStatusToggle.tsx": {"path":"C:\\Users\\User\\frontend_proyecto_adopcion_de_mascotas\\src\\components\\users\\UserStatusToggle.tsx","statementMap":{"0":{"start":{"line":4,"column":2},"end":{"line":11,"column":4}}},"fnMap":{"0":{"name":"UserStatusToggle","decl":{"start":{"line":3,"column":24},"end":{"line":3,"column":40}},"loc":{"start":{"line":3,"column":70},"end":{"line":12,"column":1}},"line":3}},"branchMap":{"0":{"loc":{"start":{"line":6,"column":15},"end":{"line":6,"column":62}},"type":"cond-expr","locations":[{"start":{"line":6,"column":26},"end":{"line":6,"column":42}},{"start":{"line":6,"column":45},"end":{"line":6,"column":62}}],"line":6},"1":{"loc":{"start":{"line":9,"column":7},"end":{"line":9,"column":58}},"type":"cond-expr","locations":[{"start":{"line":9,"column":18},"end":{"line":9,"column":38}},{"start":{"line":9,"column":41},"end":{"line":9,"column":58}}],"line":9}},"s":{"0":1},"f":{"0":1},"b":{"0":[1,0],"1":[1,0]},"_coverageSchema":"1a1c01bbd47fc00a2c39e90264f33305004495a9","hash":"6a26f6f4bacf2f25ad49b34fffd7a750186754a7"}
,"C:\\Users\\User\\frontend_proyecto_adopcion_de_mascotas\\src\\context\\AuthContext.tsx": {"path":"C:\\Users\\User\\frontend_proyecto_adopcion_de_mascotas\\src\\context\\AuthContext.tsx","statementMap":{"0":{"start":{"line":21,"column":20},"end":{"line":21,"column":63}},"1":{"start":{"line":24,"column":26},"end":{"line":27,"column":4}},"2":{"start":{"line":25,"column":16},"end":{"line":25,"column":49}},"3":{"start":{"line":26,"column":4},"end":{"line":26,"column":40}},"4":{"start":{"line":29,"column":28},"end":{"line":29,"column":93}},"5":{"start":{"line":29,"column":58},"end":{"line":29,"column":92}},"6":{"start":{"line":31,"column":16},"end":{"line":46,"column":3}},"7":{"start":{"line":32,"column":18},"end":{"line":32,"column":41}},"8":{"start":{"line":33,"column":25},"end":{"line":33,"column":41}},"9":{"start":{"line":35,"column":31},"end":{"line":39,"column":5}},"10":{"start":{"line":41,"column":4},"end":{"line":41,"column":20}},"11":{"start":{"line":42,"column":4},"end":{"line":42,"column":22}},"12":{"start":{"line":44,"column":4},"end":{"line":44,"column":46}},"13":{"start":{"line":45,"column":4},"end":{"line":45,"column":64}},"14":{"start":{"line":48,"column":19},"end":{"line":64,"column":3}},"15":{"start":{"line":49,"column":18},"end":{"line":49,"column":44}},"16":{"start":{"line":50,"column":25},"end":{"line":50,"column":41}},"17":{"start":{"line":52,"column":31},"end":{"line":57,"column":5}},"18":{"start":{"line":59,"column":4},"end":{"line":59,"column":20}},"19":{"start":{"line":60,"column":4},"end":{"line":60,"column":22}},"20":{"start":{"line":62,"column":4},"end":{"line":62,"column":46}},"21":{"start":{"line":63,"column":4},"end":{"line":63,"column":64}},"22":{"start":{"line":66,"column":17},"end":{"line":71,"column":3}},"23":{"start":{"line":67,"column":4},"end":{"line":67,"column":18}},"24":{"start":{"line":68,"column":4},"end":{"line":68,"column":19}},"25":{"start":{"line":69,"column":4},"end":{"line":69,"column":41}},"26":{"start":{"line":70,"column":4},"end":{"line":70,"column":42}},"27":{"start":{"line":73,"column":16},"end":{"line":73,"column":88}},"28":{"start":{"line":73,"column":31},"end":{"line":73,"column":71}},"29":{"start":{"line":75,"column":2},"end":{"line":75,"column":79}},"30":{"start":{"line":79,"column":18},"end":{"line":79,"column":41}},"31":{"start":{"line":80,"column":2},"end":{"line":80,"column":78}},"32":{"start":{"line":80,"column":16},"end":{"line":80,"column":78}},"33":{"start":{"line":81,"column":2},"end":{"line":81,"column":17}}},"fnMap":{"0":{"name":"AuthProvider","decl":{"start":{"line":23,"column":16},"end":{"line":23,"column":28}},"loc":{"start":{"line":23,"column":68},"end":{"line":76,"column":1}},"line":23},"1":{"name":"(anonymous_1)","decl":{"start":{"line":24,"column":52},"end":{"line":24,"column":53}},"loc":{"start":{"line":24,"column":58},"end":{"line":27,"column":3}},"line":24},"2":{"name":"(anonymous_2)","decl":{"start":{"line":29,"column":52},"end":{"line":29,"column":53}},"loc":{"start":{"line":29,"column":58},"end":{"line":29,"column":92}},"line":29},"3":{"name":"(anonymous_3)","decl":{"start":{"line":31,"column":16},"end":{"line":31,"column":17}},"loc":{"start":{"line":31,"column":75},"end":{"line":46,"column":3}},"line":31},"4":{"name":"(anonymous_4)","decl":{"start":{"line":48,"column":19},"end":{"line":48,"column":20}},"loc":{"start":{"line":48,"column":93},"end":{"line":64,"column":3}},"line":48},"5":{"name":"(anonymous_5)","decl":{"start":{"line":66,"column":17},"end":{"line":66,"column":18}},"loc":{"start":{"line":66,"column":23},"end":{"line":71,"column":3}},"line":66},"6":{"name":"(anonymous_6)","decl":{"start":{"line":73,"column":24},"end":{"line":73,"column":25}},"loc":{"start":{"line":73,"column":31},"end":{"line":73,"column":71}},"line":73},"7":{"name":"useAuth","decl":{"start":{"line":78,"column":16},"end":{"line":78,"column":23}},"loc":{"start":{"line":78,"column":43},"end":{"line":82,"column":1}},"line":78}},"branchMap":{"0":{"loc":{"start":{"line":26,"column":11},"end":{"line":26,"column":39}},"type":"cond-expr","locations":[{"start":{"line":26,"column":17},"end":{"line":26,"column":32}},{"start":{"line":26,"column":35},"end":{"line":26,"column":39}}],"line":26},"1":{"loc":{"start":{"line":80,"column":2},"end":{"line":80,"column":78}},"type":"if","locations":[{"start":{"line":80,"column":2},"end":{"line":80,"column":78}},{"start":{},"end":{}}],"line":80}},"s":{"0":0,"1":0,"2":0,"3":0,"4":0,"5":0,"6":0,"7":0,"8":0,"9":0,"10":0,"11":0,"12":0,"13":0,"14":0,"15":0,"16":0,"17":0,"18":0,"19":0,"20":0,"21":0,"22":0,"23":0,"24":0,"25":0,"26":0,"27":0,"28":0,"29":0,"30":0,"31":0,"32":0,"33":0},"f":{"0":0,"1":0,"2":0,"3":0,"4":0,"5":0,"6":0,"7":0},"b":{"0":[0,0],"1":[0,0]}}
,"C:\\Users\\User\\frontend_proyecto_adopcion_de_mascotas\\src\\context\\UiContext.tsx": {"path":"C:\\Users\\User\\frontend_proyecto_adopcion_de_mascotas\\src\\context\\UiContext.tsx","statementMap":{"0":{"start":{"line":14,"column":18},"end":{"line":14,"column":60}},"1":{"start":{"line":17,"column":28},"end":{"line":21,"column":4}},"2":{"start":{"line":23,"column":17},"end":{"line":29,"column":3}},"3":{"start":{"line":24,"column":4},"end":{"line":28,"column":7}},"4":{"start":{"line":31,"column":16},"end":{"line":31,"column":47}},"5":{"start":{"line":31,"column":31},"end":{"line":31,"column":41}},"6":{"start":{"line":33,"column":2},"end":{"line":53,"column":4}},"7":{"start":{"line":40,"column":23},"end":{"line":40,"column":63}},"8":{"start":{"line":40,"column":40},"end":{"line":40,"column":61}},"9":{"start":{"line":44,"column":25},"end":{"line":44,"column":65}},"10":{"start":{"line":44,"column":42},"end":{"line":44,"column":63}},"11":{"start":{"line":57,"column":14},"end":{"line":57,"column":35}},"12":{"start":{"line":58,"column":2},"end":{"line":58,"column":70}},"13":{"start":{"line":58,"column":12},"end":{"line":58,"column":70}},"14":{"start":{"line":59,"column":2},"end":{"line":59,"column":13}}},"fnMap":{"0":{"name":"UiProvider","decl":{"start":{"line":16,"column":16},"end":{"line":16,"column":26}},"loc":{"start":{"line":16,"column":85},"end":{"line":54,"column":1}},"line":16},"1":{"name":"(anonymous_1)","decl":{"start":{"line":23,"column":17},"end":{"line":23,"column":18}},"loc":{"start":{"line":23,"column":83},"end":{"line":29,"column":3}},"line":23},"2":{"name":"(anonymous_2)","decl":{"start":{"line":31,"column":24},"end":{"line":31,"column":25}},"loc":{"start":{"line":31,"column":31},"end":{"line":31,"column":41}},"line":31},"3":{"name":"(anonymous_3)","decl":{"start":{"line":40,"column":17},"end":{"line":40,"column":18}},"loc":{"start":{"line":40,"column":23},"end":{"line":40,"column":63}},"line":40},"4":{"name":"(anonymous_4)","decl":{"start":{"line":40,"column":32},"end":{"line":40,"column":33}},"loc":{"start":{"line":40,"column":40},"end":{"line":40,"column":61}},"line":40},"5":{"name":"(anonymous_5)","decl":{"start":{"line":44,"column":19},"end":{"line":44,"column":20}},"loc":{"start":{"line":44,"column":25},"end":{"line":44,"column":65}},"line":44},"6":{"name":"(anonymous_6)","decl":{"start":{"line":44,"column":34},"end":{"line":44,"column":35}},"loc":{"start":{"line":44,"column":42},"end":{"line":44,"column":63}},"line":44},"7":{"name":"useUi","decl":{"start":{"line":56,"column":16},"end":{"line":56,"column":21}},"loc":{"start":{"line":56,"column":40},"end":{"line":60,"column":1}},"line":56}},"branchMap":{"0":{"loc":{"start":{"line":27,"column":16},"end":{"line":27,"column":42}},"type":"binary-expr","locations":[{"start":{"line":27,"column":16},"end":{"line":27,"column":32}},{"start":{"line":27,"column":36},"end":{"line":27,"column":42}}],"line":27},"1":{"loc":{"start":{"line":58,"column":2},"end":{"line":58,"column":70}},"type":"if","locations":[{"start":{"line":58,"column":2},"end":{"line":58,"column":70}},{"start":{},"end":{}}],"line":58}},"s":{"0":0,"1":0,"2":0,"3":0,"4":0,"5":0,"6":0,"7":0,"8":0,"9":0,"10":0,"11":0,"12":0,"13":0,"14":0},"f":{"0":0,"1":0,"2":0,"3":0,"4":0,"5":0,"6":0,"7":0},"b":{"0":[0,0],"1":[0,0]}}
,"C:\\Users\\User\\frontend_proyecto_adopcion_de_mascotas\\src\\hooks\\useCategoriesOptions.tsx": {"path":"C:\\Users\\User\\frontend_proyecto_adopcion_de_mascotas\\src\\hooks\\useCategoriesOptions.tsx","statementMap":{"0":{"start":{"line":5,"column":32},"end":{"line":5,"column":59}},"1":{"start":{"line":6,"column":32},"end":{"line":6,"column":46}},"2":{"start":{"line":8,"column":2},"end":{"line":18,"column":9}},"3":{"start":{"line":9,"column":4},"end":{"line":17,"column":9}},"4":{"start":{"line":10,"column":6},"end":{"line":16,"column":7}},"5":{"start":{"line":11,"column":8},"end":{"line":11,"column":25}},"6":{"start":{"line":12,"column":20},"end":{"line":12,"column":92}},"7":{"start":{"line":13,"column":8},"end":{"line":13,"column":30}},"8":{"start":{"line":15,"column":8},"end":{"line":15,"column":26}},"9":{"start":{"line":20,"column":2},"end":{"line":20,"column":30}}},"fnMap":{"0":{"name":"useCategoriesOptions","decl":{"start":{"line":4,"column":16},"end":{"line":4,"column":36}},"loc":{"start":{"line":4,"column":39},"end":{"line":21,"column":1}},"line":4},"1":{"name":"(anonymous_1)","decl":{"start":{"line":8,"column":12},"end":{"line":8,"column":13}},"loc":{"start":{"line":8,"column":18},"end":{"line":18,"column":3}},"line":8},"2":{"name":"(anonymous_2)","decl":{"start":{"line":9,"column":5},"end":{"line":9,"column":6}},"loc":{"start":{"line":9,"column":17},"end":{"line":17,"column":5}},"line":9}},"branchMap":{},"s":{"0":0,"1":0,"2":0,"3":0,"4":0,"5":0,"6":0,"7":0,"8":0,"9":0},"f":{"0":0,"1":0,"2":0},"b":{}}
,"C:\\Users\\User\\frontend_proyecto_adopcion_de_mascotas\\src\\layouts\\PrivateLayout.tsx": {"path":"C:\\Users\\User\\frontend_proyecto_adopcion_de_mascotas\\src\\layouts\\PrivateLayout.tsx","statementMap":{"0":{"start":{"line":22,"column":20},"end":{"line":22,"column":23}},"1":{"start":{"line":26,"column":28},"end":{"line":62,"column":1}},"2":{"start":{"line":65,"column":27},"end":{"line":65,"column":36}},"3":{"start":{"line":66,"column":26},"end":{"line":66,"column":41}},"4":{"start":{"line":67,"column":19},"end":{"line":67,"column":32}},"5":{"start":{"line":68,"column":19},"end":{"line":68,"column":32}},"6":{"start":{"line":70,"column":15},"end":{"line":70,"column":50}},"7":{"start":{"line":71,"column":23},"end":{"line":71,"column":88}},"8":{"start":{"line":71,"column":47},"end":{"line":71,"column":87}},"9":{"start":{"line":73,"column":15},"end":{"line":73,"column":64}},"10":{"start":{"line":73,"column":33},"end":{"line":73,"column":46}},"11":{"start":{"line":73,"column":47},"end":{"line":73,"column":62}},"12":{"start":{"line":74,"column":19},"end":{"line":74,"column":72}},"13":{"start":{"line":74,"column":27},"end":{"line":74,"column":36}},"14":{"start":{"line":74,"column":37},"end":{"line":74,"column":70}},"15":{"start":{"line":77,"column":4},"end":{"line":119,"column":10}},"16":{"start":{"line":88,"column":27},"end":{"line":88,"column":56}},"17":{"start":{"line":89,"column":10},"end":{"line":110,"column":12}},"18":{"start":{"line":93,"column":29},"end":{"line":93,"column":42}},"19":{"start":{"line":122,"column":2},"end":{"line":141,"column":4}},"20":{"start":{"line":124,"column":76},"end":{"line":124,"column":99}},"21":{"start":{"line":126,"column":66},"end":{"line":126,"column":79}},"22":{"start":{"line":130,"column":49},"end":{"line":130,"column":62}},"23":{"start":{"line":135,"column":55},"end":{"line":135,"column":69}}},"fnMap":{"0":{"name":"PrivateLayout","decl":{"start":{"line":64,"column":24},"end":{"line":64,"column":37}},"loc":{"start":{"line":64,"column":53},"end":{"line":142,"column":1}},"line":64},"1":{"name":"(anonymous_1)","decl":{"start":{"line":71,"column":39},"end":{"line":71,"column":40}},"loc":{"start":{"line":71,"column":47},"end":{"line":71,"column":87}},"line":71},"2":{"name":"(anonymous_2)","decl":{"start":{"line":73,"column":15},"end":{"line":73,"column":16}},"loc":{"start":{"line":73,"column":31},"end":{"line":73,"column":64}},"line":73},"3":{"name":"(anonymous_3)","decl":{"start":{"line":74,"column":19},"end":{"line":74,"column":20}},"loc":{"start":{"line":74,"column":25},"end":{"line":74,"column":72}},"line":74},"4":{"name":"(anonymous_4)","decl":{"start":{"line":87,"column":26},"end":{"line":87,"column":27}},"loc":{"start":{"line":87,"column":34},"end":{"line":111,"column":9}},"line":87},"5":{"name":"(anonymous_5)","decl":{"start":{"line":93,"column":23},"end":{"line":93,"column":24}},"loc":{"start":{"line":93,"column":29},"end":{"line":93,"column":42}},"line":93},"6":{"name":"(anonymous_6)","decl":{"start":{"line":124,"column":65},"end":{"line":124,"column":66}},"loc":{"start":{"line":124,"column":76},"end":{"line":124,"column":99}},"line":124},"7":{"name":"(anonymous_7)","decl":{"start":{"line":126,"column":60},"end":{"line":126,"column":61}},"loc":{"start":{"line":126,"column":66},"end":{"line":126,"column":79}},"line":126},"8":{"name":"(anonymous_8)","decl":{"start":{"line":130,"column":43},"end":{"line":130,"column":44}},"loc":{"start":{"line":130,"column":49},"end":{"line":130,"column":62}},"line":130},"9":{"name":"(anonymous_9)","decl":{"start":{"line":135,"column":49},"end":{"line":135,"column":50}},"loc":{"start":{"line":135,"column":55},"end":{"line":135,"column":69}},"line":135}},"branchMap":{"0":{"loc":{"start":{"line":70,"column":15},"end":{"line":70,"column":50}},"type":"binary-expr","locations":[{"start":{"line":70,"column":15},"end":{"line":70,"column":40}},{"start":{"line":70,"column":44},"end":{"line":70,"column":50}}],"line":70},"1":{"loc":{"start":{"line":71,"column":47},"end":{"line":71,"column":87}},"type":"binary-expr","locations":[{"start":{"line":71,"column":47},"end":{"line":71,"column":58}},{"start":{"line":71,"column":62},"end":{"line":71,"column":87}}],"line":71},"2":{"loc":{"start":{"line":80,"column":67},"end":{"line":80,"column":96}},"type":"binary-expr","locations":[{"start":{"line":80,"column":67},"end":{"line":80,"column":78}},{"start":{"line":80,"column":82},"end":{"line":80,"column":96}}],"line":80}},"s":{"0":0,"1":0,"2":0,"3":0,"4":0,"5":0,"6":0,"7":0,"8":0,"9":0,"10":0,"11":0,"12":0,"13":0,"14":0,"15":0,"16":0,"17":0,"18":0,"19":0,"20":0,"21":0,"22":0,"23":0},"f":{"0":0,"1":0,"2":0,"3":0,"4":0,"5":0,"6":0,"7":0,"8":0,"9":0},"b":{"0":[0,0],"1":[0,0],"2":[0,0]}}
,"C:\\Users\\User\\frontend_proyecto_adopcion_de_mascotas\\src\\layouts\\PublicLayout.tsx": {"path":"C:\\Users\\User\\frontend_proyecto_adopcion_de_mascotas\\src\\layouts\\PublicLayout.tsx","statementMap":{"0":{"start":{"line":8,"column":23},"end":{"line":8,"column":36}},"1":{"start":{"line":10,"column":20},"end":{"line":10,"column":36}},"2":{"start":{"line":11,"column":17},"end":{"line":11,"column":44}},"3":{"start":{"line":13,"column":2},"end":{"line":37,"column":4}}},"fnMap":{"0":{"name":"PublicLayout","decl":{"start":{"line":7,"column":24},"end":{"line":7,"column":36}},"loc":{"start":{"line":7,"column":52},"end":{"line":38,"column":1}},"line":7}},"branchMap":{"0":{"loc":{"start":{"line":16,"column":7},"end":{"line":16,"column":48}},"type":"binary-expr","locations":[{"start":{"line":16,"column":7},"end":{"line":16,"column":17}},{"start":{"line":16,"column":21},"end":{"line":16,"column":28}},{"start":{"line":16,"column":32},"end":{"line":16,"column":48}}],"line":16},"1":{"loc":{"start":{"line":17,"column":7},"end":{"line":17,"column":63}},"type":"binary-expr","locations":[{"start":{"line":17,"column":7},"end":{"line":17,"column":17}},{"start":{"line":17,"column":21},"end":{"line":17,"column":28}},{"start":{"line":17,"column":32},"end":{"line":17,"column":63}}],"line":17},"2":{"loc":{"start":{"line":19,"column":7},"end":{"line":34,"column":7}},"type":"cond-expr","locations":[{"start":{"line":20,"column":8},"end":{"line":20,"column":18}},{"start":{"line":22,"column":8},"end":{"line":33,"column":20}}],"line":19},"3":{"loc":{"start":{"line":23,"column":20},"end":{"line":23,"column":40}},"type":"cond-expr","locations":[{"start":{"line":23,"column":29},"end":{"line":23,"column":33}},{"start":{"line":23,"column":36},"end":{"line":23,"column":40}}],"line":23},"4":{"loc":{"start":{"line":25,"column":16},"end":{"line":25,"column":30}},"type":"cond-expr","locations":[{"start":{"line":25,"column":25},"end":{"line":25,"column":26}},{"start":{"line":25,"column":29},"end":{"line":25,"column":30}}],"line":25},"5":{"loc":{"start":{"line":26,"column":21},"end":{"line":26,"column":46}},"type":"cond-expr","locations":[{"start":{"line":26,"column":30},"end":{"line":26,"column":36}},{"start":{"line":26,"column":39},"end":{"line":26,"column":46}}],"line":26},"6":{"loc":{"start":{"line":29,"column":23},"end":{"line":29,"column":48}},"type":"cond-expr","locations":[{"start":{"line":29,"column":32},"end":{"line":29,"column":39}},{"start":{"line":29,"column":42},"end":{"line":29,"column":48}}],"line":29},"7":{"loc":{"start":{"line":35,"column":7},"end":{"line":35,"column":48}},"type":"binary-expr","locations":[{"start":{"line":35,"column":7},"end":{"line":35,"column":17}},{"start":{"line":35,"column":21},"end":{"line":35,"column":28}},{"start":{"line":35,"column":32},"end":{"line":35,"column":48}}],"line":35}},"s":{"0":0,"1":0,"2":0,"3":0},"f":{"0":0},"b":{"0":[0,0,0],"1":[0,0,0],"2":[0,0],"3":[0,0],"4":[0,0],"5":[0,0],"6":[0,0],"7":[0,0,0]}}
,"C:\\Users\\User\\frontend_proyecto_adopcion_de_mascotas\\src\\pages\\admin\\CitasAdminPage.tsx": {"path":"C:\\Users\\User\\frontend_proyecto_adopcion_de_mascotas\\src\\pages\\admin\\CitasAdminPage.tsx","statementMap":{"0":{"start":{"line":7,"column":28},"end":{"line":7,"column":47}},"1":{"start":{"line":8,"column":34},"end":{"line":8,"column":53}},"2":{"start":{"line":9,"column":42},"end":{"line":9,"column":61}},"3":{"start":{"line":10,"column":32},"end":{"line":10,"column":46}},"4":{"start":{"line":12,"column":34},"end":{"line":18,"column":4}},"5":{"start":{"line":21,"column":18},"end":{"line":24,"column":3}},"6":{"start":{"line":22,"column":17},"end":{"line":22,"column":33}},"7":{"start":{"line":23,"column":4},"end":{"line":23,"column":60}},"8":{"start":{"line":26,"column":20},"end":{"line":43,"column":3}},"9":{"start":{"line":27,"column":4},"end":{"line":27,"column":21}},"10":{"start":{"line":28,"column":4},"end":{"line":42,"column":5}},"11":{"start":{"line":29,"column":33},"end":{"line":33,"column":8}},"12":{"start":{"line":35,"column":6},"end":{"line":35,"column":30}},"13":{"start":{"line":36,"column":6},"end":{"line":36,"column":33}},"14":{"start":{"line":37,"column":6},"end":{"line":37,"column":37}},"15":{"start":{"line":39,"column":6},"end":{"line":39,"column":60}},"16":{"start":{"line":41,"column":6},"end":{"line":41,"column":24}},"17":{"start":{"line":45,"column":2},"end":{"line":45,"column":40}},"18":{"start":{"line":45,"column":20},"end":{"line":45,"column":32}},"19":{"start":{"line":47,"column":21},"end":{"line":58,"column":3}},"20":{"start":{"line":48,"column":4},"end":{"line":48,"column":23}},"21":{"start":{"line":49,"column":4},"end":{"line":57,"column":5}},"22":{"start":{"line":50,"column":6},"end":{"line":50,"column":41}},"23":{"start":{"line":51,"column":6},"end":{"line":51,"column":45}},"24":{"start":{"line":53,"column":6},"end":{"line":53,"column":91}},"25":{"start":{"line":54,"column":6},"end":{"line":54,"column":24}},"26":{"start":{"line":56,"column":6},"end":{"line":56,"column":83}},"27":{"start":{"line":60,"column":2},"end":{"line":60,"column":121}},"28":{"start":{"line":60,"column":15},"end":{"line":60,"column":121}},"29":{"start":{"line":62,"column":2},"end":{"line":167,"column":4}},"30":{"start":{"line":77,"column":29},"end":{"line":77,"column":83}},"31":{"start":{"line":81,"column":16},"end":{"line":83,"column":25}},"32":{"start":{"line":94,"column":29},"end":{"line":94,"column":87}},"33":{"start":{"line":98,"column":16},"end":{"line":100,"column":25}},"34":{"start":{"line":106,"column":103},"end":{"line":106,"column":152}},"35":{"start":{"line":109,"column":102},"end":{"line":109,"column":150}},"36":{"start":{"line":112,"column":136},"end":{"line":112,"column":186}},"37":{"start":{"line":138,"column":40},"end":{"line":138,"column":116}},"38":{"start":{"line":138,"column":60},"end":{"line":138,"column":114}},"39":{"start":{"line":139,"column":44},"end":{"line":139,"column":136}},"40":{"start":{"line":139,"column":68},"end":{"line":139,"column":134}},"41":{"start":{"line":141,"column":14},"end":{"line":161,"column":16}},"42":{"start":{"line":155,"column":39},"end":{"line":155,"column":120}},"43":{"start":{"line":155,"column":63},"end":{"line":155,"column":120}}},"fnMap":{"0":{"name":"CitasAdminPage","decl":{"start":{"line":6,"column":24},"end":{"line":6,"column":38}},"loc":{"start":{"line":6,"column":41},"end":{"line":168,"column":1}},"line":6},"1":{"name":"(anonymous_1)","decl":{"start":{"line":21,"column":18},"end":{"line":21,"column":19}},"loc":{"start":{"line":21,"column":32},"end":{"line":24,"column":3}},"line":21},"2":{"name":"(anonymous_2)","decl":{"start":{"line":26,"column":20},"end":{"line":26,"column":21}},"loc":{"start":{"line":26,"column":32},"end":{"line":43,"column":3}},"line":26},"3":{"name":"(anonymous_3)","decl":{"start":{"line":45,"column":12},"end":{"line":45,"column":13}},"loc":{"start":{"line":45,"column":18},"end":{"line":45,"column":34}},"line":45},"4":{"name":"(anonymous_4)","decl":{"start":{"line":47,"column":21},"end":{"line":47,"column":22}},"loc":{"start":{"line":47,"column":51},"end":{"line":58,"column":3}},"line":47},"5":{"name":"(anonymous_5)","decl":{"start":{"line":77,"column":24},"end":{"line":77,"column":25}},"loc":{"start":{"line":77,"column":29},"end":{"line":77,"column":83}},"line":77},"6":{"name":"(anonymous_6)","decl":{"start":{"line":80,"column":28},"end":{"line":80,"column":29}},"loc":{"start":{"line":81,"column":16},"end":{"line":83,"column":25}},"line":81},"7":{"name":"(anonymous_7)","decl":{"start":{"line":94,"column":24},"end":{"line":94,"column":25}},"loc":{"start":{"line":94,"column":29},"end":{"line":94,"column":87}},"line":94},"8":{"name":"(anonymous_8)","decl":{"start":{"line":97,"column":32},"end":{"line":97,"column":33}},"loc":{"start":{"line":98,"column":16},"end":{"line":100,"column":25}},"line":98},"9":{"name":"(anonymous_9)","decl":{"start":{"line":106,"column":98},"end":{"line":106,"column":99}},"loc":{"start":{"line":106,"column":103},"end":{"line":106,"column":152}},"line":106},"10":{"name":"(anonymous_10)","decl":{"start":{"line":109,"column":97},"end":{"line":109,"column":98}},"loc":{"start":{"line":109,"column":102},"end":{"line":109,"column":150}},"line":109},"11":{"name":"(anonymous_11)","decl":{"start":{"line":112,"column":131},"end":{"line":112,"column":132}},"loc":{"start":{"line":112,"column":136},"end":{"line":112,"column":186}},"line":112},"12":{"name":"(anonymous_12)","decl":{"start":{"line":136,"column":23},"end":{"line":136,"column":24}},"loc":{"start":{"line":136,"column":35},"end":{"line":162,"column":13}},"line":136},"13":{"name":"(anonymous_13)","decl":{"start":{"line":138,"column":54},"end":{"line":138,"column":55}},"loc":{"start":{"line":138,"column":60},"end":{"line":138,"column":114}},"line":138},"14":{"name":"(anonymous_14)","decl":{"start":{"line":139,"column":62},"end":{"line":139,"column":63}},"loc":{"start":{"line":139,"column":68},"end":{"line":139,"column":134}},"line":139},"15":{"name":"(anonymous_15)","decl":{"start":{"line":155,"column":31},"end":{"line":155,"column":32}},"loc":{"start":{"line":155,"column":37},"end":{"line":155,"column":122}},"line":155}},"branchMap":{"0":{"loc":{"start":{"line":22,"column":17},"end":{"line":22,"column":33}},"type":"binary-expr","locations":[{"start":{"line":22,"column":17},"end":{"line":22,"column":26}},{"start":{"line":22,"column":30},"end":{"line":22,"column":33}}],"line":22},"1":{"loc":{"start":{"line":23,"column":11},"end":{"line":23,"column":59}},"type":"binary-expr","locations":[{"start":{"line":23,"column":11},"end":{"line":23,"column":22}},{"start":{"line":23,"column":27},"end":{"line":23,"column":58}}],"line":23},"2":{"loc":{"start":{"line":23,"column":27},"end":{"line":23,"column":58}},"type":"cond-expr","locations":[{"start":{"line":23,"column":49},"end":{"line":23,"column":53}},{"start":{"line":23,"column":56},"end":{"line":23,"column":58}}],"line":23},"3":{"loc":{"start":{"line":60,"column":2},"end":{"line":60,"column":121}},"type":"if","locations":[{"start":{"line":60,"column":2},"end":{"line":60,"column":121}},{"start":{},"end":{}}],"line":60},"4":{"loc":{"start":{"line":81,"column":29},"end":{"line":81,"column":49}},"type":"binary-expr","locations":[{"start":{"line":81,"column":29},"end":{"line":81,"column":41}},{"start":{"line":81,"column":45},"end":{"line":81,"column":49}}],"line":81},"5":{"loc":{"start":{"line":81,"column":58},"end":{"line":81,"column":78}},"type":"binary-expr","locations":[{"start":{"line":81,"column":58},"end":{"line":81,"column":70}},{"start":{"line":81,"column":74},"end":{"line":81,"column":78}}],"line":81},"6":{"loc":{"start":{"line":98,"column":29},"end":{"line":98,"column":53}},"type":"binary-expr","locations":[{"start":{"line":98,"column":29},"end":{"line":98,"column":45}},{"start":{"line":98,"column":49},"end":{"line":98,"column":53}}],"line":98},"7":{"loc":{"start":{"line":98,"column":62},"end":{"line":98,"column":86}},"type":"binary-expr","locations":[{"start":{"line":98,"column":62},"end":{"line":98,"column":78}},{"start":{"line":98,"column":82},"end":{"line":98,"column":86}}],"line":98},"8":{"loc":{"start":{"line":138,"column":60},"end":{"line":138,"column":114}},"type":"binary-expr","locations":[{"start":{"line":138,"column":60},"end":{"line":138,"column":89}},{"start":{"line":138,"column":93},"end":{"line":138,"column":114}}],"line":138},"9":{"loc":{"start":{"line":139,"column":68},"end":{"line":139,"column":134}},"type":"binary-expr","locations":[{"start":{"line":139,"column":68},"end":{"line":139,"column":105}},{"start":{"line":139,"column":109},"end":{"line":139,"column":134}}],"line":139},"10":{"loc":{"start":{"line":142,"column":25},"end":{"line":142,"column":42}},"type":"binary-expr","locations":[{"start":{"line":142,"column":25},"end":{"line":142,"column":34}},{"start":{"line":142,"column":38},"end":{"line":142,"column":42}}],"line":142},"11":{"loc":{"start":{"line":145,"column":21},"end":{"line":145,"column":112}},"type":"binary-expr","locations":[{"start":{"line":145,"column":21},"end":{"line":145,"column":38}},{"start":{"line":145,"column":42},"end":{"line":145,"column":67}},{"start":{"line":145,"column":71},"end":{"line":145,"column":112}}],"line":145},"12":{"loc":{"start":{"line":148,"column":21},"end":{"line":148,"column":157}},"type":"binary-expr","locations":[{"start":{"line":148,"column":21},"end":{"line":148,"column":42}},{"start":{"line":148,"column":47},"end":{"line":148,"column":156}}],"line":148},"13":{"loc":{"start":{"line":148,"column":47},"end":{"line":148,"column":156}},"type":"cond-expr","locations":[{"start":{"line":148,"column":71},"end":{"line":148,"column":108}},{"start":{"line":148,"column":111},"end":{"line":148,"column":156}}],"line":148},"14":{"loc":{"start":{"line":155,"column":39},"end":{"line":155,"column":120}},"type":"if","locations":[{"start":{"line":155,"column":39},"end":{"line":155,"column":120}},{"start":{},"end":{}}],"line":155},"15":{"loc":{"start":{"line":155,"column":84},"end":{"line":155,"column":101}},"type":"binary-expr","locations":[{"start":{"line":155,"column":84},"end":{"line":155,"column":93}},{"start":{"line":155,"column":97},"end":{"line":155,"column":101}}],"line":155}},"s":{"0":0,"1":0,"2":0,"3":0,"4":0,"5":0,"6":0,"7":0,"8":0,"9":0,"10":0,"11":0,"12":0,"13":0,"14":0,"15":0,"16":0,"17":0,"18":0,"19":0,"20":0,"21":0,"22":0,"23":0,"24":0,"25":0,"26":0,"27":0,"28":0,"29":0,"30":0,"31":0,"32":0,"33":0,"34":0,"35":0,"36":0,"37":0,"38":0,"39":0,"40":0,"41":0,"42":0,"43":0},"f":{"0":0,"1":0,"2":0,"3":0,"4":0,"5":0,"6":0,"7":0,"8":0,"9":0,"10":0,"11":0,"12":0,"13":0,"14":0,"15":0},"b":{"0":[0,0],"1":[0,0],"2":[0,0],"3":[0,0],"4":[0,0],"5":[0,0],"6":[0,0],"7":[0,0],"8":[0,0],"9":[0,0],"10":[0,0],"11":[0,0,0],"12":[0,0],"13":[0,0],"14":[0,0],"15":[0,0]}}
,"C:\\Users\\User\\frontend_proyecto_adopcion_de_mascotas\\src\\pages\\admin\\ClientesPage.tsx": {"path":"C:\\Users\\User\\frontend_proyecto_adopcion_de_mascotas\\src\\pages\\admin\\ClientesPage.tsx","statementMap":{"0":{"start":{"line":5,"column":32},"end":{"line":5,"column":57}},"1":{"start":{"line":6,"column":30},"end":{"line":6,"column":42}},"2":{"start":{"line":8,"column":30},"end":{"line":8,"column":42}},"3":{"start":{"line":9,"column":30},"end":{"line":9,"column":42}},"4":{"start":{"line":10,"column":34},"end":{"line":10,"column":46}},"5":{"start":{"line":11,"column":36},"end":{"line":11,"column":48}},"6":{"start":{"line":13,"column":36},"end":{"line":13,"column":65}},"7":{"start":{"line":14,"column":40},"end":{"line":14,"column":84}},"8":{"start":{"line":16,"column":22},"end":{"line":16,"column":71}},"9":{"start":{"line":16,"column":28},"end":{"line":16,"column":71}},"10":{"start":{"line":16,"column":54},"end":{"line":16,"column":70}},"11":{"start":{"line":18,"column":2},"end":{"line":18,"column":42}},"12":{"start":{"line":18,"column":20},"end":{"line":18,"column":34}},"13":{"start":{"line":20,"column":26},"end":{"line":25,"column":23}},"14":{"start":{"line":21,"column":4},"end":{"line":24,"column":6}},"15":{"start":{"line":22,"column":6},"end":{"line":23,"column":32}},"16":{"start":{"line":27,"column":20},"end":{"line":32,"column":3}},"17":{"start":{"line":28,"column":4},"end":{"line":28,"column":62}},"18":{"start":{"line":28,"column":55},"end":{"line":28,"column":62}},"19":{"start":{"line":29,"column":4},"end":{"line":29,"column":64}},"20":{"start":{"line":30,"column":4},"end":{"line":30,"column":18}},"21":{"start":{"line":30,"column":19},"end":{"line":30,"column":33}},"22":{"start":{"line":30,"column":34},"end":{"line":30,"column":50}},"23":{"start":{"line":30,"column":51},"end":{"line":30,"column":68}},"24":{"start":{"line":31,"column":4},"end":{"line":31,"column":18}},"25":{"start":{"line":34,"column":20},"end":{"line":37,"column":3}},"26":{"start":{"line":35,"column":4},"end":{"line":35,"column":23}},"27":{"start":{"line":36,"column":4},"end":{"line":36,"column":105}},"28":{"start":{"line":39,"column":25},"end":{"line":45,"column":3}},"29":{"start":{"line":40,"column":4},"end":{"line":40,"column":43}},"30":{"start":{"line":40,"column":36},"end":{"line":40,"column":43}},"31":{"start":{"line":41,"column":4},"end":{"line":41,"column":47}},"32":{"start":{"line":42,"column":4},"end":{"line":42,"column":23}},"33":{"start":{"line":43,"column":4},"end":{"line":43,"column":25}},"34":{"start":{"line":44,"column":4},"end":{"line":44,"column":18}},"35":{"start":{"line":47,"column":23},"end":{"line":50,"column":3}},"36":{"start":{"line":48,"column":4},"end":{"line":48,"column":54}},"37":{"start":{"line":48,"column":23},"end":{"line":48,"column":52}},"38":{"start":{"line":48,"column":40},"end":{"line":48,"column":51}},"39":{"start":{"line":49,"column":4},"end":{"line":49,"column":48}},"40":{"start":{"line":49,"column":33},"end":{"line":49,"column":46}},"41":{"start":{"line":52,"column":2},"end":{"line":131,"column":4}},"42":{"start":{"line":55,"column":117},"end":{"line":55,"column":142}},"43":{"start":{"line":56,"column":117},"end":{"line":56,"column":142}},"44":{"start":{"line":57,"column":121},"end":{"line":57,"column":148}},"45":{"start":{"line":58,"column":123},"end":{"line":58,"column":151}},"46":{"start":{"line":65,"column":116},"end":{"line":65,"column":141}},"47":{"start":{"line":85,"column":18},"end":{"line":123,"column":23}},"48":{"start":{"line":88,"column":105},"end":{"line":88,"column":162}},"49":{"start":{"line":94,"column":105},"end":{"line":94,"column":162}},"50":{"start":{"line":100,"column":107},"end":{"line":100,"column":166}},"51":{"start":{"line":106,"column":108},"end":{"line":106,"column":168}},"52":{"start":{"line":114,"column":86},"end":{"line":114,"column":104}},"53":{"start":{"line":118,"column":84},"end":{"line":118,"column":96}},"54":{"start":{"line":119,"column":83},"end":{"line":119,"column":101}}},"fnMap":{"0":{"name":"ClientesPage","decl":{"start":{"line":4,"column":24},"end":{"line":4,"column":36}},"loc":{"start":{"line":4,"column":39},"end":{"line":132,"column":1}},"line":4},"1":{"name":"(anonymous_1)","decl":{"start":{"line":16,"column":22},"end":{"line":16,"column":23}},"loc":{"start":{"line":16,"column":28},"end":{"line":16,"column":71}},"line":16},"2":{"name":"(anonymous_2)","decl":{"start":{"line":16,"column":46},"end":{"line":16,"column":47}},"loc":{"start":{"line":16,"column":54},"end":{"line":16,"column":70}},"line":16},"3":{"name":"(anonymous_3)","decl":{"start":{"line":18,"column":12},"end":{"line":18,"column":13}},"loc":{"start":{"line":18,"column":18},"end":{"line":18,"column":36}},"line":18},"4":{"name":"(anonymous_4)","decl":{"start":{"line":20,"column":34},"end":{"line":20,"column":35}},"loc":{"start":{"line":20,"column":40},"end":{"line":25,"column":3}},"line":20},"5":{"name":"(anonymous_5)","decl":{"start":{"line":21,"column":26},"end":{"line":21,"column":27}},"loc":{"start":{"line":22,"column":6},"end":{"line":23,"column":32}},"line":22},"6":{"name":"(anonymous_6)","decl":{"start":{"line":27,"column":20},"end":{"line":27,"column":21}},"loc":{"start":{"line":27,"column":32},"end":{"line":32,"column":3}},"line":27},"7":{"name":"(anonymous_7)","decl":{"start":{"line":34,"column":20},"end":{"line":34,"column":21}},"loc":{"start":{"line":34,"column":38},"end":{"line":37,"column":3}},"line":34},"8":{"name":"(anonymous_8)","decl":{"start":{"line":39,"column":25},"end":{"line":39,"column":26}},"loc":{"start":{"line":39,"column":37},"end":{"line":45,"column":3}},"line":39},"9":{"name":"(anonymous_9)","decl":{"start":{"line":47,"column":23},"end":{"line":47,"column":24}},"loc":{"start":{"line":47,"column":45},"end":{"line":50,"column":3}},"line":47},"10":{"name":"(anonymous_10)","decl":{"start":{"line":48,"column":15},"end":{"line":48,"column":16}},"loc":{"start":{"line":48,"column":23},"end":{"line":48,"column":52}},"line":48},"11":{"name":"(anonymous_11)","decl":{"start":{"line":48,"column":35},"end":{"line":48,"column":36}},"loc":{"start":{"line":48,"column":40},"end":{"line":48,"column":51}},"line":48},"12":{"name":"(anonymous_12)","decl":{"start":{"line":49,"column":27},"end":{"line":49,"column":28}},"loc":{"start":{"line":49,"column":33},"end":{"line":49,"column":46}},"line":49},"13":{"name":"(anonymous_13)","decl":{"start":{"line":55,"column":112},"end":{"line":55,"column":113}},"loc":{"start":{"line":55,"column":117},"end":{"line":55,"column":142}},"line":55},"14":{"name":"(anonymous_14)","decl":{"start":{"line":56,"column":112},"end":{"line":56,"column":113}},"loc":{"start":{"line":56,"column":117},"end":{"line":56,"column":142}},"line":56},"15":{"name":"(anonymous_15)","decl":{"start":{"line":57,"column":116},"end":{"line":57,"column":117}},"loc":{"start":{"line":57,"column":121},"end":{"line":57,"column":148}},"line":57},"16":{"name":"(anonymous_16)","decl":{"start":{"line":58,"column":118},"end":{"line":58,"column":119}},"loc":{"start":{"line":58,"column":123},"end":{"line":58,"column":151}},"line":58},"17":{"name":"(anonymous_17)","decl":{"start":{"line":65,"column":111},"end":{"line":65,"column":112}},"loc":{"start":{"line":65,"column":116},"end":{"line":65,"column":141}},"line":65},"18":{"name":"(anonymous_18)","decl":{"start":{"line":84,"column":37},"end":{"line":84,"column":38}},"loc":{"start":{"line":85,"column":18},"end":{"line":123,"column":23}},"line":85},"19":{"name":"(anonymous_19)","decl":{"start":{"line":88,"column":100},"end":{"line":88,"column":101}},"loc":{"start":{"line":88,"column":105},"end":{"line":88,"column":162}},"line":88},"20":{"name":"(anonymous_20)","decl":{"start":{"line":94,"column":100},"end":{"line":94,"column":101}},"loc":{"start":{"line":94,"column":105},"end":{"line":94,"column":162}},"line":94},"21":{"name":"(anonymous_21)","decl":{"start":{"line":100,"column":102},"end":{"line":100,"column":103}},"loc":{"start":{"line":100,"column":107},"end":{"line":100,"column":166}},"line":100},"22":{"name":"(anonymous_22)","decl":{"start":{"line":106,"column":103},"end":{"line":106,"column":104}},"loc":{"start":{"line":106,"column":108},"end":{"line":106,"column":168}},"line":106},"23":{"name":"(anonymous_23)","decl":{"start":{"line":114,"column":80},"end":{"line":114,"column":81}},"loc":{"start":{"line":114,"column":86},"end":{"line":114,"column":104}},"line":114},"24":{"name":"(anonymous_24)","decl":{"start":{"line":118,"column":78},"end":{"line":118,"column":79}},"loc":{"start":{"line":118,"column":84},"end":{"line":118,"column":96}},"line":118},"25":{"name":"(anonymous_25)","decl":{"start":{"line":119,"column":77},"end":{"line":119,"column":78}},"loc":{"start":{"line":119,"column":83},"end":{"line":119,"column":101}},"line":119}},"branchMap":{"0":{"loc":{"start":{"line":22,"column":6},"end":{"line":23,"column":32}},"type":"binary-expr","locations":[{"start":{"line":22,"column":6},"end":{"line":22,"column":60}},{"start":{"line":23,"column":6},"end":{"line":23,"column":32}}],"line":22},"1":{"loc":{"start":{"line":28,"column":4},"end":{"line":28,"column":62}},"type":"if","locations":[{"start":{"line":28,"column":4},"end":{"line":28,"column":62}},{"start":{},"end":{}}],"line":28},"2":{"loc":{"start":{"line":28,"column":8},"end":{"line":28,"column":53}},"type":"binary-expr","locations":[{"start":{"line":28,"column":8},"end":{"line":28,"column":15}},{"start":{"line":28,"column":19},"end":{"line":28,"column":26}},{"start":{"line":28,"column":30},"end":{"line":28,"column":39}},{"start":{"line":28,"column":43},"end":{"line":28,"column":53}}],"line":28},"3":{"loc":{"start":{"line":40,"column":4},"end":{"line":40,"column":43}},"type":"if","locations":[{"start":{"line":40,"column":4},"end":{"line":40,"column":43}},{"start":{},"end":{}}],"line":40},"4":{"loc":{"start":{"line":40,"column":8},"end":{"line":40,"column":34}},"type":"binary-expr","locations":[{"start":{"line":40,"column":8},"end":{"line":40,"column":18}},{"start":{"line":40,"column":22},"end":{"line":40,"column":34}}],"line":40},"5":{"loc":{"start":{"line":87,"column":23},"end":{"line":89,"column":34}},"type":"cond-expr","locations":[{"start":{"line":88,"column":24},"end":{"line":88,"column":166}},{"start":{"line":89,"column":26},"end":{"line":89,"column":34}}],"line":87},"6":{"loc":{"start":{"line":88,"column":63},"end":{"line":88,"column":88}},"type":"binary-expr","locations":[{"start":{"line":88,"column":63},"end":{"line":88,"column":82}},{"start":{"line":88,"column":86},"end":{"line":88,"column":88}}],"line":88},"7":{"loc":{"start":{"line":93,"column":23},"end":{"line":95,"column":34}},"type":"cond-expr","locations":[{"start":{"line":94,"column":24},"end":{"line":94,"column":166}},{"start":{"line":95,"column":26},"end":{"line":95,"column":34}}],"line":93},"8":{"loc":{"start":{"line":94,"column":63},"end":{"line":94,"column":88}},"type":"binary-expr","locations":[{"start":{"line":94,"column":63},"end":{"line":94,"column":82}},{"start":{"line":94,"column":86},"end":{"line":94,"column":88}}],"line":94},"9":{"loc":{"start":{"line":99,"column":23},"end":{"line":101,"column":36}},"type":"cond-expr","locations":[{"start":{"line":100,"column":24},"end":{"line":100,"column":170}},{"start":{"line":101,"column":26},"end":{"line":101,"column":36}}],"line":99},"10":{"loc":{"start":{"line":100,"column":63},"end":{"line":100,"column":90}},"type":"binary-expr","locations":[{"start":{"line":100,"column":63},"end":{"line":100,"column":84}},{"start":{"line":100,"column":88},"end":{"line":100,"column":90}}],"line":100},"11":{"loc":{"start":{"line":105,"column":23},"end":{"line":107,"column":37}},"type":"cond-expr","locations":[{"start":{"line":106,"column":24},"end":{"line":106,"column":172}},{"start":{"line":107,"column":26},"end":{"line":107,"column":37}}],"line":105},"12":{"loc":{"start":{"line":106,"column":63},"end":{"line":106,"column":91}},"type":"binary-expr","locations":[{"start":{"line":106,"column":63},"end":{"line":106,"column":85}},{"start":{"line":106,"column":89},"end":{"line":106,"column":91}}],"line":106},"13":{"loc":{"start":{"line":111,"column":23},"end":{"line":121,"column":23}},"type":"cond-expr","locations":[{"start":{"line":112,"column":24},"end":{"line":115,"column":27}},{"start":{"line":117,"column":24},"end":{"line":120,"column":27}}],"line":111}},"s":{"0":0,"1":0,"2":0,"3":0,"4":0,"5":0,"6":0,"7":0,"8":0,"9":0,"10":0,"11":0,"12":0,"13":0,"14":0,"15":0,"16":0,"17":0,"18":0,"19":0,"20":0,"21":0,"22":0,"23":0,"24":0,"25":0,"26":0,"27":0,"28":0,"29":0,"30":0,"31":0,"32":0,"33":0,"34":0,"35":0,"36":0,"37":0,"38":0,"39":0,"40":0,"41":0,"42":0,"43":0,"44":0,"45":0,"46":0,"47":0,"48":0,"49":0,"50":0,"51":0,"52":0,"53":0,"54":0},"f":{"0":0,"1":0,"2":0,"3":0,"4":0,"5":0,"6":0,"7":0,"8":0,"9":0,"10":0,"11":0,"12":0,"13":0,"14":0,"15":0,"16":0,"17":0,"18":0,"19":0,"20":0,"21":0,"22":0,"23":0,"24":0,"25":0},"b":{"0":[0,0],"1":[0,0],"2":[0,0,0,0],"3":[0,0],"4":[0,0],"5":[0,0],"6":[0,0],"7":[0,0],"8":[0,0],"9":[0,0],"10":[0,0],"11":[0,0],"12":[0,0],"13":[0,0]}}
,"C:\\Users\\User\\frontend_proyecto_adopcion_de_mascotas\\src\\pages\\admin\\ConsultasAdminPage.tsx": {"path":"C:\\Users\\User\\frontend_proyecto_adopcion_de_mascotas\\src\\pages\\admin\\ConsultasAdminPage.tsx","statementMap":{"0":{"start":{"line":6,"column":36},"end":{"line":6,"column":55}},"1":{"start":{"line":7,"column":28},"end":{"line":7,"column":47}},"2":{"start":{"line":8,"column":32},"end":{"line":8,"column":46}},"3":{"start":{"line":10,"column":34},"end":{"line":15,"column":4}},"4":{"start":{"line":17,"column":18},"end":{"line":20,"column":3}},"5":{"start":{"line":18,"column":17},"end":{"line":18,"column":33}},"6":{"start":{"line":19,"column":4},"end":{"line":19,"column":60}},"7":{"start":{"line":22,"column":20},"end":{"line":38,"column":3}},"8":{"start":{"line":23,"column":4},"end":{"line":23,"column":21}},"9":{"start":{"line":24,"column":4},"end":{"line":37,"column":5}},"10":{"start":{"line":26,"column":34},"end":{"line":29,"column":8}},"11":{"start":{"line":31,"column":6},"end":{"line":31,"column":37}},"12":{"start":{"line":32,"column":6},"end":{"line":32,"column":34}},"13":{"start":{"line":34,"column":6},"end":{"line":34,"column":66}},"14":{"start":{"line":36,"column":6},"end":{"line":36,"column":24}},"15":{"start":{"line":40,"column":2},"end":{"line":40,"column":40}},"16":{"start":{"line":40,"column":20},"end":{"line":40,"column":32}},"17":{"start":{"line":42,"column":21},"end":{"line":60,"column":3}},"18":{"start":{"line":43,"column":4},"end":{"line":43,"column":23}},"19":{"start":{"line":46,"column":4},"end":{"line":46,"column":70}},"20":{"start":{"line":46,"column":27},"end":{"line":46,"column":70}},"21":{"start":{"line":48,"column":4},"end":{"line":59,"column":5}},"22":{"start":{"line":50,"column":6},"end":{"line":50,"column":45}},"23":{"start":{"line":51,"column":6},"end":{"line":51,"column":47}},"24":{"start":{"line":54,"column":6},"end":{"line":54,"column":88}},"25":{"start":{"line":55,"column":6},"end":{"line":55,"column":24}},"26":{"start":{"line":57,"column":6},"end":{"line":57,"column":64}},"27":{"start":{"line":58,"column":6},"end":{"line":58,"column":99}},"28":{"start":{"line":62,"column":23},"end":{"line":70,"column":3}},"29":{"start":{"line":63,"column":4},"end":{"line":63,"column":75}},"30":{"start":{"line":63,"column":68},"end":{"line":63,"column":75}},"31":{"start":{"line":64,"column":4},"end":{"line":69,"column":5}},"32":{"start":{"line":65,"column":6},"end":{"line":65,"column":43}},"33":{"start":{"line":66,"column":6},"end":{"line":66,"column":18}},"34":{"start":{"line":68,"column":6},"end":{"line":68,"column":48}},"35":{"start":{"line":72,"column":2},"end":{"line":72,"column":130}},"36":{"start":{"line":72,"column":15},"end":{"line":72,"column":130}},"37":{"start":{"line":74,"column":2},"end":{"line":158,"column":4}},"38":{"start":{"line":90,"column":29},"end":{"line":90,"column":80}},"39":{"start":{"line":94,"column":16},"end":{"line":96,"column":25}},"40":{"start":{"line":102,"column":142},"end":{"line":102,"column":197}},"41":{"start":{"line":106,"column":147},"end":{"line":106,"column":202}},"42":{"start":{"line":134,"column":41},"end":{"line":134,"column":109}},"43":{"start":{"line":134,"column":58},"end":{"line":134,"column":107}},"44":{"start":{"line":136,"column":18},"end":{"line":150,"column":20}},"45":{"start":{"line":145,"column":91},"end":{"line":145,"column":111}}},"fnMap":{"0":{"name":"ConsultasAdminPage","decl":{"start":{"line":5,"column":24},"end":{"line":5,"column":42}},"loc":{"start":{"line":5,"column":45},"end":{"line":159,"column":1}},"line":5},"1":{"name":"(anonymous_1)","decl":{"start":{"line":17,"column":18},"end":{"line":17,"column":19}},"loc":{"start":{"line":17,"column":32},"end":{"line":20,"column":3}},"line":17},"2":{"name":"(anonymous_2)","decl":{"start":{"line":22,"column":20},"end":{"line":22,"column":21}},"loc":{"start":{"line":22,"column":32},"end":{"line":38,"column":3}},"line":22},"3":{"name":"(anonymous_3)","decl":{"start":{"line":40,"column":12},"end":{"line":40,"column":13}},"loc":{"start":{"line":40,"column":18},"end":{"line":40,"column":34}},"line":40},"4":{"name":"(anonymous_4)","decl":{"start":{"line":42,"column":21},"end":{"line":42,"column":22}},"loc":{"start":{"line":42,"column":51},"end":{"line":60,"column":3}},"line":42},"5":{"name":"(anonymous_5)","decl":{"start":{"line":62,"column":23},"end":{"line":62,"column":24}},"loc":{"start":{"line":62,"column":45},"end":{"line":70,"column":3}},"line":62},"6":{"name":"(anonymous_6)","decl":{"start":{"line":90,"column":24},"end":{"line":90,"column":25}},"loc":{"start":{"line":90,"column":29},"end":{"line":90,"column":80}},"line":90},"7":{"name":"(anonymous_7)","decl":{"start":{"line":93,"column":25},"end":{"line":93,"column":26}},"loc":{"start":{"line":94,"column":16},"end":{"line":96,"column":25}},"line":94},"8":{"name":"(anonymous_8)","decl":{"start":{"line":102,"column":137},"end":{"line":102,"column":138}},"loc":{"start":{"line":102,"column":142},"end":{"line":102,"column":197}},"line":102},"9":{"name":"(anonymous_9)","decl":{"start":{"line":106,"column":142},"end":{"line":106,"column":143}},"loc":{"start":{"line":106,"column":147},"end":{"line":106,"column":202}},"line":106},"10":{"name":"(anonymous_10)","decl":{"start":{"line":132,"column":30},"end":{"line":132,"column":31}},"loc":{"start":{"line":132,"column":44},"end":{"line":151,"column":17}},"line":132},"11":{"name":"(anonymous_11)","decl":{"start":{"line":134,"column":52},"end":{"line":134,"column":53}},"loc":{"start":{"line":134,"column":58},"end":{"line":134,"column":107}},"line":134},"12":{"name":"(anonymous_12)","decl":{"start":{"line":145,"column":85},"end":{"line":145,"column":86}},"loc":{"start":{"line":145,"column":91},"end":{"line":145,"column":111}},"line":145}},"branchMap":{"0":{"loc":{"start":{"line":18,"column":17},"end":{"line":18,"column":33}},"type":"binary-expr","locations":[{"start":{"line":18,"column":17},"end":{"line":18,"column":26}},{"start":{"line":18,"column":30},"end":{"line":18,"column":33}}],"line":18},"1":{"loc":{"start":{"line":19,"column":11},"end":{"line":19,"column":59}},"type":"binary-expr","locations":[{"start":{"line":19,"column":11},"end":{"line":19,"column":22}},{"start":{"line":19,"column":27},"end":{"line":19,"column":58}}],"line":19},"2":{"loc":{"start":{"line":19,"column":27},"end":{"line":19,"column":58}},"type":"cond-expr","locations":[{"start":{"line":19,"column":49},"end":{"line":19,"column":53}},{"start":{"line":19,"column":56},"end":{"line":19,"column":58}}],"line":19},"3":{"loc":{"start":{"line":46,"column":4},"end":{"line":46,"column":70}},"type":"if","locations":[{"start":{"line":46,"column":4},"end":{"line":46,"column":70}},{"start":{},"end":{}}],"line":46},"4":{"loc":{"start":{"line":63,"column":4},"end":{"line":63,"column":75}},"type":"if","locations":[{"start":{"line":63,"column":4},"end":{"line":63,"column":75}},{"start":{},"end":{}}],"line":63},"5":{"loc":{"start":{"line":72,"column":2},"end":{"line":72,"column":130}},"type":"if","locations":[{"start":{"line":72,"column":2},"end":{"line":72,"column":130}},{"start":{},"end":{}}],"line":72},"6":{"loc":{"start":{"line":94,"column":29},"end":{"line":94,"column":52}},"type":"binary-expr","locations":[{"start":{"line":94,"column":29},"end":{"line":94,"column":41}},{"start":{"line":94,"column":45},"end":{"line":94,"column":52}}],"line":94},"7":{"loc":{"start":{"line":94,"column":61},"end":{"line":94,"column":84}},"type":"binary-expr","locations":[{"start":{"line":94,"column":61},"end":{"line":94,"column":73}},{"start":{"line":94,"column":77},"end":{"line":94,"column":84}}],"line":94},"8":{"loc":{"start":{"line":95,"column":19},"end":{"line":95,"column":52}},"type":"binary-expr","locations":[{"start":{"line":95,"column":19},"end":{"line":95,"column":39}},{"start":{"line":95,"column":43},"end":{"line":95,"column":52}}],"line":95},"9":{"loc":{"start":{"line":129,"column":15},"end":{"line":152,"column":15}},"type":"cond-expr","locations":[{"start":{"line":130,"column":16},"end":{"line":130,"column":125}},{"start":{"line":132,"column":16},"end":{"line":151,"column":18}}],"line":129},"10":{"loc":{"start":{"line":134,"column":58},"end":{"line":134,"column":107}},"type":"binary-expr","locations":[{"start":{"line":134,"column":58},"end":{"line":134,"column":83}},{"start":{"line":134,"column":87},"end":{"line":134,"column":107}}],"line":134},"11":{"loc":{"start":{"line":140,"column":25},"end":{"line":140,"column":106}},"type":"binary-expr","locations":[{"start":{"line":140,"column":25},"end":{"line":140,"column":56}},{"start":{"line":140,"column":60},"end":{"line":140,"column":85}},{"start":{"line":140,"column":89},"end":{"line":140,"column":106}}],"line":140}},"s":{"0":0,"1":0,"2":0,"3":0,"4":0,"5":0,"6":0,"7":0,"8":0,"9":0,"10":0,"11":0,"12":0,"13":0,"14":0,"15":0,"16":0,"17":0,"18":0,"19":0,"20":0,"21":0,"22":0,"23":0,"24":0,"25":0,"26":0,"27":0,"28":0,"29":0,"30":0,"31":0,"32":0,"33":0,"34":0,"35":0,"36":0,"37":0,"38":0,"39":0,"40":0,"41":0,"42":0,"43":0,"44":0,"45":0},"f":{"0":0,"1":0,"2":0,"3":0,"4":0,"5":0,"6":0,"7":0,"8":0,"9":0,"10":0,"11":0,"12":0},"b":{"0":[0,0],"1":[0,0],"2":[0,0],"3":[0,0],"4":[0,0],"5":[0,0],"6":[0,0],"7":[0,0],"8":[0,0],"9":[0,0],"10":[0,0],"11":[0,0,0]}}
,"C:\\Users\\User\\frontend_proyecto_adopcion_de_mascotas\\src\\pages\\admin\\FacturaAdminPage.tsx": {"path":"C:\\Users\\User\\frontend_proyecto_adopcion_de_mascotas\\src\\pages\\admin\\FacturaAdminPage.tsx","statementMap":{"0":{"start":{"line":12,"column":34},"end":{"line":12,"column":53}},"1":{"start":{"line":13,"column":32},"end":{"line":13,"column":46}},"2":{"start":{"line":15,"column":25},"end":{"line":25,"column":3}},"3":{"start":{"line":16,"column":4},"end":{"line":24,"column":5}},"4":{"start":{"line":17,"column":6},"end":{"line":17,"column":23}},"5":{"start":{"line":18,"column":18},"end":{"line":18,"column":43}},"6":{"start":{"line":19,"column":6},"end":{"line":19,"column":52}},"7":{"start":{"line":21,"column":6},"end":{"line":21,"column":56}},"8":{"start":{"line":23,"column":6},"end":{"line":23,"column":24}},"9":{"start":{"line":27,"column":2},"end":{"line":27,"column":45}},"10":{"start":{"line":27,"column":20},"end":{"line":27,"column":37}},"11":{"start":{"line":29,"column":2},"end":{"line":88,"column":4}},"12":{"start":{"line":61,"column":16},"end":{"line":81,"column":27}}},"fnMap":{"0":{"name":"FacturaAdminPage","decl":{"start":{"line":11,"column":24},"end":{"line":11,"column":40}},"loc":{"start":{"line":11,"column":43},"end":{"line":89,"column":1}},"line":11},"1":{"name":"(anonymous_1)","decl":{"start":{"line":15,"column":25},"end":{"line":15,"column":26}},"loc":{"start":{"line":15,"column":37},"end":{"line":25,"column":3}},"line":15},"2":{"name":"(anonymous_2)","decl":{"start":{"line":27,"column":12},"end":{"line":27,"column":13}},"loc":{"start":{"line":27,"column":18},"end":{"line":27,"column":39}},"line":27},"3":{"name":"(anonymous_3)","decl":{"start":{"line":60,"column":27},"end":{"line":60,"column":28}},"loc":{"start":{"line":61,"column":16},"end":{"line":81,"column":27}},"line":61}},"branchMap":{"0":{"loc":{"start":{"line":19,"column":18},"end":{"line":19,"column":50}},"type":"binary-expr","locations":[{"start":{"line":19,"column":18},"end":{"line":19,"column":32}},{"start":{"line":19,"column":36},"end":{"line":19,"column":44}},{"start":{"line":19,"column":48},"end":{"line":19,"column":50}}],"line":19},"1":{"loc":{"start":{"line":51,"column":13},"end":{"line":83,"column":13}},"type":"cond-expr","locations":[{"start":{"line":52,"column":14},"end":{"line":54,"column":25}},{"start":{"line":55,"column":16},"end":{"line":83,"column":13}}],"line":51},"2":{"loc":{"start":{"line":55,"column":16},"end":{"line":83,"column":13}},"type":"cond-expr","locations":[{"start":{"line":56,"column":14},"end":{"line":58,"column":25}},{"start":{"line":60,"column":14},"end":{"line":82,"column":16}}],"line":55},"3":{"loc":{"start":{"line":67,"column":23},"end":{"line":67,"column":55}},"type":"binary-expr","locations":[{"start":{"line":67,"column":23},"end":{"line":67,"column":46}},{"start":{"line":67,"column":50},"end":{"line":67,"column":55}}],"line":67},"4":{"loc":{"start":{"line":72,"column":33},"end":{"line":72,"column":67}},"type":"binary-expr","locations":[{"start":{"line":72,"column":33},"end":{"line":72,"column":52}},{"start":{"line":72,"column":56},"end":{"line":72,"column":67}}],"line":72}},"s":{"0":0,"1":0,"2":0,"3":0,"4":0,"5":0,"6":0,"7":0,"8":0,"9":0,"10":0,"11":0,"12":0},"f":{"0":0,"1":0,"2":0,"3":0},"b":{"0":[0,0,0],"1":[0,0],"2":[0,0],"3":[0,0],"4":[0,0]}}
,"C:\\Users\\User\\frontend_proyecto_adopcion_de_mascotas\\src\\pages\\admin\\HistorialMedicoAdminPage.tsx": {"path":"C:\\Users\\User\\frontend_proyecto_adopcion_de_mascotas\\src\\pages\\admin\\HistorialMedicoAdminPage.tsx","statementMap":{"0":{"start":{"line":5,"column":40},"end":{"line":5,"column":59}},"1":{"start":{"line":6,"column":34},"end":{"line":6,"column":53}},"2":{"start":{"line":7,"column":32},"end":{"line":7,"column":46}},"3":{"start":{"line":8,"column":30},"end":{"line":8,"column":59}},"4":{"start":{"line":10,"column":34},"end":{"line":14,"column":4}},"5":{"start":{"line":16,"column":22},"end":{"line":35,"column":3}},"6":{"start":{"line":17,"column":4},"end":{"line":34,"column":5}},"7":{"start":{"line":18,"column":6},"end":{"line":18,"column":23}},"8":{"start":{"line":19,"column":27},"end":{"line":22,"column":8}},"9":{"start":{"line":25,"column":28},"end":{"line":25,"column":88}},"10":{"start":{"line":26,"column":29},"end":{"line":26,"column":89}},"11":{"start":{"line":28,"column":6},"end":{"line":28,"column":33}},"12":{"start":{"line":29,"column":6},"end":{"line":29,"column":37}},"13":{"start":{"line":31,"column":6},"end":{"line":31,"column":37}},"14":{"start":{"line":33,"column":6},"end":{"line":33,"column":24}},"15":{"start":{"line":37,"column":2},"end":{"line":37,"column":42}},"16":{"start":{"line":37,"column":20},"end":{"line":37,"column":34}},"17":{"start":{"line":40,"column":27},"end":{"line":44,"column":3}},"18":{"start":{"line":41,"column":4},"end":{"line":41,"column":51}},"19":{"start":{"line":41,"column":27},"end":{"line":41,"column":51}},"20":{"start":{"line":42,"column":30},"end":{"line":42,"column":71}},"21":{"start":{"line":42,"column":49},"end":{"line":42,"column":70}},"22":{"start":{"line":43,"column":4},"end":{"line":43,"column":75}},"23":{"start":{"line":46,"column":23},"end":{"line":59,"column":3}},"24":{"start":{"line":47,"column":4},"end":{"line":47,"column":23}},"25":{"start":{"line":48,"column":4},"end":{"line":58,"column":5}},"26":{"start":{"line":49,"column":6},"end":{"line":53,"column":7}},"27":{"start":{"line":50,"column":8},"end":{"line":50,"column":63}},"28":{"start":{"line":52,"column":8},"end":{"line":52,"column":54}},"29":{"start":{"line":54,"column":6},"end":{"line":54,"column":18}},"30":{"start":{"line":55,"column":6},"end":{"line":55,"column":20}},"31":{"start":{"line":57,"column":6},"end":{"line":57,"column":45}},"32":{"start":{"line":61,"column":26},"end":{"line":68,"column":3}},"33":{"start":{"line":62,"column":4},"end":{"line":62,"column":30}},"34":{"start":{"line":63,"column":4},"end":{"line":67,"column":7}},"35":{"start":{"line":70,"column":27},"end":{"line":78,"column":3}},"36":{"start":{"line":71,"column":4},"end":{"line":71,"column":63}},"37":{"start":{"line":71,"column":56},"end":{"line":71,"column":63}},"38":{"start":{"line":72,"column":4},"end":{"line":77,"column":5}},"39":{"start":{"line":73,"column":6},"end":{"line":73,"column":50}},"40":{"start":{"line":74,"column":6},"end":{"line":74,"column":20}},"41":{"start":{"line":76,"column":6},"end":{"line":76,"column":33}},"42":{"start":{"line":80,"column":20},"end":{"line":87,"column":3}},"43":{"start":{"line":81,"column":4},"end":{"line":81,"column":20}},"44":{"start":{"line":82,"column":4},"end":{"line":86,"column":7}},"45":{"start":{"line":89,"column":2},"end":{"line":164,"column":4}},"46":{"start":{"line":103,"column":33},"end":{"line":103,"column":89}},"47":{"start":{"line":106,"column":18},"end":{"line":106,"column":69}},"48":{"start":{"line":113,"column":33},"end":{"line":113,"column":84}},"49":{"start":{"line":118,"column":33},"end":{"line":118,"column":90}},"50":{"start":{"line":148,"column":18},"end":{"line":156,"column":23}},"51":{"start":{"line":153,"column":93},"end":{"line":153,"column":111}},"52":{"start":{"line":154,"column":87},"end":{"line":154,"column":119}}},"fnMap":{"0":{"name":"HistorialMedicoAdminPage","decl":{"start":{"line":4,"column":24},"end":{"line":4,"column":48}},"loc":{"start":{"line":4,"column":51},"end":{"line":165,"column":1}},"line":4},"1":{"name":"(anonymous_1)","decl":{"start":{"line":16,"column":22},"end":{"line":16,"column":23}},"loc":{"start":{"line":16,"column":34},"end":{"line":35,"column":3}},"line":16},"2":{"name":"(anonymous_2)","decl":{"start":{"line":37,"column":12},"end":{"line":37,"column":13}},"loc":{"start":{"line":37,"column":18},"end":{"line":37,"column":36}},"line":37},"3":{"name":"(anonymous_3)","decl":{"start":{"line":40,"column":27},"end":{"line":40,"column":28}},"loc":{"start":{"line":40,"column":39},"end":{"line":44,"column":3}},"line":40},"4":{"name":"(anonymous_4)","decl":{"start":{"line":42,"column":44},"end":{"line":42,"column":45}},"loc":{"start":{"line":42,"column":49},"end":{"line":42,"column":70}},"line":42},"5":{"name":"(anonymous_5)","decl":{"start":{"line":46,"column":23},"end":{"line":46,"column":24}},"loc":{"start":{"line":46,"column":53},"end":{"line":59,"column":3}},"line":46},"6":{"name":"(anonymous_6)","decl":{"start":{"line":61,"column":26},"end":{"line":61,"column":27}},"loc":{"start":{"line":61,"column":38},"end":{"line":68,"column":3}},"line":61},"7":{"name":"(anonymous_7)","decl":{"start":{"line":70,"column":27},"end":{"line":70,"column":28}},"loc":{"start":{"line":70,"column":49},"end":{"line":78,"column":3}},"line":70},"8":{"name":"(anonymous_8)","decl":{"start":{"line":80,"column":20},"end":{"line":80,"column":21}},"loc":{"start":{"line":80,"column":26},"end":{"line":87,"column":3}},"line":80},"9":{"name":"(anonymous_9)","decl":{"start":{"line":103,"column":26},"end":{"line":103,"column":27}},"loc":{"start":{"line":103,"column":33},"end":{"line":103,"column":89}},"line":103},"10":{"name":"(anonymous_10)","decl":{"start":{"line":105,"column":30},"end":{"line":105,"column":31}},"loc":{"start":{"line":106,"column":18},"end":{"line":106,"column":69}},"line":106},"11":{"name":"(anonymous_11)","decl":{"start":{"line":113,"column":26},"end":{"line":113,"column":27}},"loc":{"start":{"line":113,"column":33},"end":{"line":113,"column":84}},"line":113},"12":{"name":"(anonymous_12)","decl":{"start":{"line":118,"column":26},"end":{"line":118,"column":27}},"loc":{"start":{"line":118,"column":33},"end":{"line":118,"column":90}},"line":118},"13":{"name":"(anonymous_13)","decl":{"start":{"line":147,"column":32},"end":{"line":147,"column":33}},"loc":{"start":{"line":148,"column":18},"end":{"line":156,"column":23}},"line":148},"14":{"name":"(anonymous_14)","decl":{"start":{"line":153,"column":87},"end":{"line":153,"column":88}},"loc":{"start":{"line":153,"column":93},"end":{"line":153,"column":111}},"line":153},"15":{"name":"(anonymous_15)","decl":{"start":{"line":154,"column":81},"end":{"line":154,"column":82}},"loc":{"start":{"line":154,"column":87},"end":{"line":154,"column":119}},"line":154}},"branchMap":{"0":{"loc":{"start":{"line":25,"column":28},"end":{"line":25,"column":88}},"type":"binary-expr","locations":[{"start":{"line":25,"column":28},"end":{"line":25,"column":43}},{"start":{"line":25,"column":47},"end":{"line":25,"column":69}},{"start":{"line":25,"column":73},"end":{"line":25,"column":82}},{"start":{"line":25,"column":86},"end":{"line":25,"column":88}}],"line":25},"1":{"loc":{"start":{"line":26,"column":29},"end":{"line":26,"column":89}},"type":"binary-expr","locations":[{"start":{"line":26,"column":29},"end":{"line":26,"column":44}},{"start":{"line":26,"column":48},"end":{"line":26,"column":70}},{"start":{"line":26,"column":74},"end":{"line":26,"column":83}},{"start":{"line":26,"column":87},"end":{"line":26,"column":89}}],"line":26},"2":{"loc":{"start":{"line":41,"column":4},"end":{"line":41,"column":51}},"type":"if","locations":[{"start":{"line":41,"column":4},"end":{"line":41,"column":51}},{"start":{},"end":{}}],"line":41},"3":{"loc":{"start":{"line":43,"column":11},"end":{"line":43,"column":74}},"type":"cond-expr","locations":[{"start":{"line":43,"column":31},"end":{"line":43,"column":55}},{"start":{"line":43,"column":58},"end":{"line":43,"column":74}}],"line":43},"4":{"loc":{"start":{"line":49,"column":6},"end":{"line":53,"column":7}},"type":"if","locations":[{"start":{"line":49,"column":6},"end":{"line":53,"column":7}},{"start":{"line":51,"column":13},"end":{"line":53,"column":7}}],"line":49},"5":{"loc":{"start":{"line":66,"column":18},"end":{"line":66,"column":53}},"type":"binary-expr","locations":[{"start":{"line":66,"column":18},"end":{"line":66,"column":30}},{"start":{"line":66,"column":34},"end":{"line":66,"column":47}},{"start":{"line":66,"column":51},"end":{"line":66,"column":53}}],"line":66},"6":{"loc":{"start":{"line":71,"column":4},"end":{"line":71,"column":63}},"type":"if","locations":[{"start":{"line":71,"column":4},"end":{"line":71,"column":63}},{"start":{},"end":{}}],"line":71},"7":{"loc":{"start":{"line":97,"column":55},"end":{"line":97,"column":86}},"type":"cond-expr","locations":[{"start":{"line":97,"column":64},"end":{"line":97,"column":72}},{"start":{"line":97,"column":75},"end":{"line":97,"column":86}}],"line":97},"8":{"loc":{"start":{"line":121,"column":15},"end":{"line":121,"column":127}},"type":"binary-expr","locations":[{"start":{"line":121,"column":15},"end":{"line":121,"column":21}},{"start":{"line":121,"column":25},"end":{"line":121,"column":127}}],"line":121},"9":{"loc":{"start":{"line":122,"column":54},"end":{"line":122,"column":92}},"type":"cond-expr","locations":[{"start":{"line":122,"column":63},"end":{"line":122,"column":76}},{"start":{"line":122,"column":79},"end":{"line":122,"column":92}}],"line":122},"10":{"loc":{"start":{"line":123,"column":17},"end":{"line":123,"column":52}},"type":"cond-expr","locations":[{"start":{"line":123,"column":26},"end":{"line":123,"column":38}},{"start":{"line":123,"column":41},"end":{"line":123,"column":52}}],"line":123},"11":{"loc":{"start":{"line":142,"column":15},"end":{"line":158,"column":15}},"type":"cond-expr","locations":[{"start":{"line":143,"column":16},"end":{"line":143,"column":126}},{"start":{"line":144,"column":18},"end":{"line":158,"column":15}}],"line":142},"12":{"loc":{"start":{"line":144,"col
[...]
,"C:\\Users\\User\\frontend_proyecto_adopcion_de_mascotas\\src\\services\\mascotas.service.ts": {"path":"C:\\Users\\User\\frontend_proyecto_adopcion_de_mascotas\\src\\services\\mascotas.service.ts","statementMap":{"0":{"start":{"line":14,"column":19},"end":{"line":14,"column":70}},"1":{"start":{"line":15,"column":2},"end":{"line":15,"column":20}},"2":{"start":{"line":23,"column":19},"end":{"line":23,"column":55}},"3":{"start":{"line":24,"column":2},"end":{"line":24,"column":14}},"4":{"start":{"line":35,"column":19},"end":{"line":35,"column":60}},"5":{"start":{"line":36,"column":2},"end":{"line":36,"column":14}},"6":{"start":{"line":40,"column":19},"end":{"line":42,"column":4}},"7":{"start":{"line":43,"column":2},"end":{"line":43,"column":14}},"8":{"start":{"line":47,"column":2},"end":{"line":47,"column":38}}},"fnMap":{"0":{"name":"getMascotas","decl":{"start":{"line":13,"column":22},"end":{"line":13,"column":33}},"loc":{"start":{"line":13,"column":59},"end":{"line":16,"column":1}},"line":13},"1":{"name":"createMascota","decl":{"start":{"line":18,"column":22},"end":{"line":18,"column":35}},"loc":{"start":{"line":22,"column":3},"end":{"line":25,"column":1}},"line":22},"2":{"name":"updateMascota","decl":{"start":{"line":27,"column":22},"end":{"line":27,"column":35}},"loc":{"start":{"line":34,"column":2},"end":{"line":37,"column":1}},"line":34},"3":{"name":"adoptarMascota","decl":{"start":{"line":39,"column":22},"end":{"line":39,"column":36}},"loc":{"start":{"line":39,"column":69},"end":{"line":44,"column":1}},"line":39},"4":{"name":"deleteMascota","decl":{"start":{"line":46,"column":22},"end":{"line":46,"column":35}},"loc":{"start":{"line":46,"column":48},"end":{"line":48,"column":1}},"line":46}},"branchMap":{},"s":{"0":0,"1":0,"2":0,"3":0,"4":0,"5":0,"6":0,"7":0,"8":0},"f":{"0":0,"1":0,"2":0,"3":0,"4":0},"b":{}}
,"C:\\Users\\User\\frontend_proyecto_adopcion_de_mascotas\\src\\services\\medicamentos.service.ts": {"path":"C:\\Users\\User\\frontend_proyecto_adopcion_de_mascotas\\src\\services\\medicamentos.service.ts","statementMap":{"0":{"start":{"line":16,"column":19},"end":{"line":16,"column":85}},"1":{"start":{"line":17,"column":2},"end":{"line":17,"column":20}},"2":{"start":{"line":21,"column":19},"end":{"line":21,"column":71}},"3":{"start":{"line":22,"column":2},"end":{"line":22,"column":14}},"4":{"start":{"line":26,"column":19},"end":{"line":26,"column":76}},"5":{"start":{"line":27,"column":2},"end":{"line":27,"column":14}},"6":{"start":{"line":31,"column":2},"end":{"line":31,"column":42}}},"fnMap":{"0":{"name":"getMedicamentos","decl":{"start":{"line":15,"column":22},"end":{"line":15,"column":37}},"loc":{"start":{"line":15,"column":67},"end":{"line":18,"column":1}},"line":15},"1":{"name":"createMedicamento","decl":{"start":{"line":20,"column":22},"end":{"line":20,"column":39}},"loc":{"start":{"line":20,"column":98},"end":{"line":23,"column":1}},"line":20},"2":{"name":"updateMedicamento","decl":{"start":{"line":25,"column":22},"end":{"line":25,"column":39}},"loc":{"start":{"line":25,"column":107},"end":{"line":28,"column":1}},"line":25},"3":{"name":"deleteMedicamento","decl":{"start":{"line":30,"column":22},"end":{"line":30,"column":39}},"loc":{"start":{"line":30,"column":67},"end":{"line":32,"column":1}},"line":30}},"branchMap":{},"s":{"0":0,"1":0,"2":0,"3":0,"4":0,"5":0,"6":0},"f":{"0":0,"1":0,"2":0,"3":0},"b":{}}
,"C:\\Users\\User\\frontend_proyecto_adopcion_de_mascotas\\src\\services\\pago.service.ts": {"path":"C:\\Users\\User\\frontend_proyecto_adopcion_de_mascotas\\src\\services\\pago.service.ts","statementMap":{"0":{"start":{"line":3,"column":16},"end":{"line":3,"column":45}},"1":{"start":{"line":12,"column":27},"end":{"line":22,"column":1}},"2":{"start":{"line":14,"column":4},"end":{"line":14,"column":55}},"3":{"start":{"line":16,"column":30},"end":{"line":16,"column":55}},"4":{"start":{"line":19,"column":4},"end":{"line":19,"column":39}},"5":{"start":{"line":21,"column":26},"end":{"line":21,"column":58}}},"fnMap":{"0":{"name":"(anonymous_0)","decl":{"start":{"line":13,"column":10},"end":{"line":13,"column":11}},"loc":{"start":{"line":14,"column":4},"end":{"line":14,"column":55}},"line":14},"1":{"name":"(anonymous_1)","decl":{"start":{"line":16,"column":10},"end":{"line":16,"column":11}},"loc":{"start":{"line":16,"column":30},"end":{"line":16,"column":55}},"line":16},"2":{"name":"(anonymous_2)","decl":{"start":{"line":18,"column":10},"end":{"line":18,"column":11}},"loc":{"start":{"line":19,"column":4},"end":{"line":19,"column":39}},"line":19},"3":{"name":"(anonymous_3)","decl":{"start":{"line":21,"column":10},"end":{"line":21,"column":11}},"loc":{"start":{"line":21,"column":26},"end":{"line":21,"column":58}},"line":21}},"branchMap":{"0":{"loc":{"start":{"line":13,"column":11},"end":{"line":13,"column":27}},"type":"default-arg","locations":[{"start":{"line":13,"column":26},"end":{"line":13,"column":27}}],"line":13},"1":{"loc":{"start":{"line":13,"column":29},"end":{"line":13,"column":47}},"type":"default-arg","locations":[{"start":{"line":13,"column":45},"end":{"line":13,"column":47}}],"line":13}},"s":{"0":0,"1":0,"2":0,"3":0,"4":0,"5":0},"f":{"0":0,"1":0,"2":0,"3":0},"b":{"0":[0],"1":[0]}}
,"C:\\Users\\User\\frontend_proyecto_adopcion_de_mascotas\\src\\services\\posts.service.ts": {"path":"C:\\Users\\User\\frontend_proyecto_adopcion_de_mascotas\\src\\services\\posts.service.ts","statementMap":{"0":{"start":{"line":25,"column":19},"end":{"line":31,"column":4}},"1":{"start":{"line":32,"column":2},"end":{"line":32,"column":14}},"2":{"start":{"line":36,"column":19},"end":{"line":36,"column":63}},"3":{"start":{"line":37,"column":2},"end":{"line":37,"column":14}},"4":{"start":{"line":90,"column":19},"end":{"line":99,"column":4}},"5":{"start":{"line":100,"column":2},"end":{"line":100,"column":19}},"6":{"start":{"line":108,"column":19},"end":{"line":108,"column":81}},"7":{"start":{"line":109,"column":2},"end":{"line":109,"column":19}},"8":{"start":{"line":120,"column":19},"end":{"line":120,"column":86}},"9":{"start":{"line":121,"column":2},"end":{"line":121,"column":19}},"10":{"start":{"line":125,"column":19},"end":{"line":125,"column":80}},"11":{"start":{"line":126,"column":2},"end":{"line":126,"column":19}}},"fnMap":{"0":{"name":"getPublicPosts","decl":{"start":{"line":20,"column":22},"end":{"line":20,"column":36}},"loc":{"start":{"line":24,"column":38},"end":{"line":33,"column":1}},"line":24},"1":{"name":"getPublicPostById","decl":{"start":{"line":35,"column":22},"end":{"line":35,"column":39}},"loc":{"start":{"line":35,"column":76},"end":{"line":38,"column":1}},"line":35},"2":{"name":"getPosts","decl":{"start":{"line":82,"column":22},"end":{"line":82,"column":30}},"loc":{"start":{"line":89,"column":36},"end":{"line":101,"column":1}},"line":89},"3":{"name":"createPost","decl":{"start":{"line":103,"column":22},"end":{"line":103,"column":32}},"loc":{"start":{"line":107,"column":21},"end":{"line":110,"column":1}},"line":107},"4":{"name":"updatePost","decl":{"start":{"line":112,"column":22},"end":{"line":112,"column":32}},"loc":{"start":{"line":119,"column":20},"end":{"line":122,"column":1}},"line":119},"5":{"name":"deletePost","decl":{"start":{"line":124,"column":22},"end":{"line":124,"column":32}},"loc":{"start":{"line":124,"column":63},"end":{"line":127,"column":1}},"line":124}},"branchMap":{"0":{"loc":{"start":{"line":27,"column":9},"end":{"line":27,"column":31}},"type":"binary-expr","locations":[{"start":{"line":27,"column":9},"end":{"line":27,"column":18}},{"start":{"line":27,"column":22},"end":{"line":27,"column":31}}],"line":27},"1":{"loc":{"start":{"line":28,"column":12},"end":{"line":28,"column":29}},"type":"binary-expr","locations":[{"start":{"line":28,"column":12},"end":{"line":28,"column":24}},{"start":{"line":28,"column":28},"end":{"line":28,"column":29}}],"line":28},"2":{"loc":{"start":{"line":29,"column":13},"end":{"line":29,"column":32}},"type":"binary-expr","locations":[{"start":{"line":29,"column":13},"end":{"line":29,"column":26}},{"start":{"line":29,"column":30},"end":{"line":29,"column":32}}],"line":29},"3":{"loc":{"start":{"line":92,"column":12},"end":{"line":92,"column":29}},"type":"binary-expr","locations":[{"start":{"line":92,"column":12},"end":{"line":92,"column":24}},{"start":{"line":92,"column":28},"end":{"line":92,"column":29}}],"line":92},"4":{"loc":{"start":{"line":93,"column":13},"end":{"line":93,"column":32}},"type":"binary-expr","locations":[{"start":{"line":93,"column":13},"end":{"line":93,"column":26}},{"start":{"line":93,"column":30},"end":{"line":93,"column":32}}],"line":93},"5":{"loc":{"start":{"line":94,"column":14},"end":{"line":94,"column":41}},"type":"binary-expr","locations":[{"start":{"line":94,"column":14},"end":{"line":94,"column":28}},{"start":{"line":94,"column":32},"end":{"line":94,"column":41}}],"line":94},"6":{"loc":{"start":{"line":95,"column":19},"end":{"line":95,"column":51}},"type":"binary-expr","locations":[{"start":{"line":95,"column":19},"end":{"line":95,"column":38}},{"start":{"line":95,"column":42},"end":{"line":95,"column":51}}],"line":95},"7":{"loc":{"start":{"line":96,"column":12},"end":{"line":96,"column":37}},"type":"binary-expr","locations":[{"start":{"line":96,"column":12},"end":{"line":96,"column":24}},{"start":{"line":96,"column":28},"end":{"line":96,"column":37}}],"line":96},"8":{"loc":{"start":{"line":97,"column":13},"end":{"line":97,"column":39}},"type":"binary-expr","locations":[{"start":{"line":97,"column":13},"end":{"line":97,"column":26}},{"start":{"line":97,"column":30},"end":{"line":97,"column":39}}],"line":97}},"s":{"0":0,"1":0,"2":0,"3":0,"4":0,"5":0,"6":0,"7":0,"8":0,"9":0,"10":0,"11":0},"f":{"0":0,"1":0,"2":0,"3":0,"4":0,"5":0},"b":{"0":[0,0],"1":[0,0],"2":[0,0],"3":[0,0],"4":[0,0],"5":[0,0],"6":[0,0],"7":[0,0],"8":[0,0]}}
,"C:\\Users\\User\\frontend_proyecto_adopcion_de_mascotas\\src\\services\\recetas.service.ts": {"path":"C:\\Users\\User\\frontend_proyecto_adopcion_de_mascotas\\src\\services\\recetas.service.ts","statementMap":{"0":{"start":{"line":25,"column":19},"end":{"line":25,"column":75}},"1":{"start":{"line":26,"column":2},"end":{"line":26,"column":20}}},"fnMap":{"0":{"name":"getRecetas","decl":{"start":{"line":24,"column":22},"end":{"line":24,"column":32}},"loc":{"start":{"line":24,"column":57},"end":{"line":27,"column":1}},"line":24}},"branchMap":{},"s":{"0":0,"1":0},"f":{"0":0},"b":{}}
,"C:\\Users\\User\\frontend_proyecto_adopcion_de_mascotas\\src\\services\\users.service.ts": {"path":"C:\\Users\\User\\frontend_proyecto_adopcion_de_mascotas\\src\\services\\users.service.ts","statementMap":{"0":{"start":{"line":45,"column":19},"end":{"line":54,"column":4}},"1":{"start":{"line":55,"column":2},"end":{"line":55,"column":19}},"2":{"start":{"line":64,"column":19},"end":{"line":64,"column":81}},"3":{"start":{"line":65,"column":2},"end":{"line":65,"column":19}},"4":{"start":{"line":73,"column":19},"end":{"line":73,"column":86}},"5":{"start":{"line":74,"column":2},"end":{"line":74,"column":19}},"6":{"start":{"line":78,"column":19},"end":{"line":78,"column":80}},"7":{"start":{"line":79,"column":2},"end":{"line":79,"column":19}}},"fnMap":{"0":{"name":"getUsers","decl":{"start":{"line":37,"column":22},"end":{"line":37,"column":30}},"loc":{"start":{"line":44,"column":36},"end":{"line":56,"column":1}},"line":44},"1":{"name":"createUser","decl":{"start":{"line":58,"column":22},"end":{"line":58,"column":32}},"loc":{"start":{"line":63,"column":21},"end":{"line":66,"column":1}},"line":63},"2":{"name":"updateUser","decl":{"start":{"line":68,"column":22},"end":{"line":68,"column":32}},"loc":{"start":{"line":72,"column":21},"end":{"line":75,"column":1}},"line":72},"3":{"name":"deleteUser","decl":{"start":{"line":77,"column":22},"end":{"line":77,"column":32}},"loc":{"start":{"line":77,"column":63},"end":{"line":80,"column":1}},"line":77}},"branchMap":{"0":{"loc":{"start":{"line":47,"column":12},"end":{"line":47,"column":29}},"type":"binary-expr","locations":[{"start":{"line":47,"column":12},"end":{"line":47,"column":24}},{"start":{"line":47,"column":28},"end":{"line":47,"column":29}}],"line":47},"1":{"loc":{"start":{"line":48,"column":13},"end":{"line":48,"column":32}},"type":"binary-expr","locations":[{"start":{"line":48,"column":13},"end":{"line":48,"column":26}},{"start":{"line":48,"column":30},"end":{"line":48,"column":32}}],"line":48},"2":{"loc":{"start":{"line":49,"column":14},"end":{"line":49,"column":41}},"type":"binary-expr","locations":[{"start":{"line":49,"column":14},"end":{"line":49,"column":28}},{"start":{"line":49,"column":32},"end":{"line":49,"column":41}}],"line":49},"3":{"loc":{"start":{"line":50,"column":19},"end":{"line":50,"column":51}},"type":"binary-expr","locations":[{"start":{"line":50,"column":19},"end":{"line":50,"column":38}},{"start":{"line":50,"column":42},"end":{"line":50,"column":51}}],"line":50},"4":{"loc":{"start":{"line":51,"column":12},"end":{"line":51,"column":37}},"type":"binary-expr","locations":[{"start":{"line":51,"column":12},"end":{"line":51,"column":24}},{"start":{"line":51,"column":28},"end":{"line":51,"column":37}}],"line":51},"5":{"loc":{"start":{"line":52,"column":13},"end":{"line":52,"column":39}},"type":"binary-expr","locations":[{"start":{"line":52,"column":13},"end":{"line":52,"column":26}},{"start":{"line":52,"column":30},"end":{"line":52,"column":39}}],"line":52}},"s":{"0":0,"1":0,"2":0,"3":0,"4":0,"5":0,"6":0,"7":0},"f":{"0":0,"1":0,"2":0,"3":0},"b":{"0":[0,0],"1":[0,0],"2":[0,0],"3":[0,0],"4":[0,0],"5":[0,0]}}
,"C:\\Users\\User\\frontend_proyecto_adopcion_de_mascotas\\src\\services\\vacunaciones.service.ts": {"path":"C:\\Users\\User\\frontend_proyecto_adopcion_de_mascotas\\src\\services\\vacunaciones.service.ts","statementMap":{"0":{"start":{"line":25,"column":19},"end":{"line":25,"column":84}},"1":{"start":{"line":26,"column":2},"end":{"line":26,"column":20}}},"fnMap":{"0":{"name":"getVacunaciones","decl":{"start":{"line":24,"column":22},"end":{"line":24,"column":37}},"loc":{"start":{"line":24,"column":66},"end":{"line":27,"column":1}},"line":24}},"branchMap":{},"s":{"0":0,"1":0},"f":{"0":0},"b":{}}
,"C:\\Users\\User\\frontend_proyecto_adopcion_de_mascotas\\src\\services\\vacunas.service.ts": {"path":"C:\\Users\\User\\frontend_proyecto_adopcion_de_mascotas\\src\\services\\vacunas.service.ts","statementMap":{"0":{"start":{"line":15,"column":19},"end":{"line":15,"column":75}},"1":{"start":{"line":16,"column":2},"end":{"line":16,"column":20}}},"fnMap":{"0":{"name":"getVacunas","decl":{"start":{"line":14,"column":22},"end":{"line":14,"column":32}},"loc":{"start":{"line":14,"column":57},"end":{"line":17,"column":1}},"line":14}},"branchMap":{},"s":{"0":0,"1":0},"f":{"0":0},"b":{}}
,"C:\\Users\\User\\frontend_proyecto_adopcion_de_mascotas\\src\\services\\veterinarios.service.ts": {"path":"C:\\Users\\User\\frontend_proyecto_adopcion_de_mascotas\\src\\services\\veterinarios.service.ts","statementMap":{"0":{"start":{"line":11,"column":19},"end":{"line":11,"column":78}},"1":{"start":{"line":12,"column":2},"end":{"line":12,"column":20}},"2":{"start":{"line":16,"column":19},"end":{"line":16,"column":71}},"3":{"start":{"line":17,"column":2},"end":{"line":17,"column":14}},"4":{"start":{"line":21,"column":19},"end":{"line":21,"column":76}},"5":{"start":{"line":22,"column":2},"end":{"line":22,"column":14}},"6":{"start":{"line":26,"column":2},"end":{"line":26,"column":42}}},"fnMap":{"0":{"name":"getVeterinarios","decl":{"start":{"line":10,"column":22},"end":{"line":10,"column":37}},"loc":{"start":{"line":10,"column":67},"end":{"line":13,"column":1}},"line":10},"1":{"name":"createVeterinario","decl":{"start":{"line":15,"column":22},"end":{"line":15,"column":39}},"loc":{"start":{"line":15,"column":98},"end":{"line":18,"column":1}},"line":15},"2":{"name":"updateVeterinario","decl":{"start":{"line":20,"column":22},"end":{"line":20,"column":39}},"loc":{"start":{"line":20,"column":110},"end":{"line":23,"column":1}},"line":20},"3":{"name":"deleteVeterinario","decl":{"start":{"line":25,"column":22},"end":{"line":25,"column":39}},"loc":{"start":{"line":25,"column":67},"end":{"line":27,"column":1}},"line":25}},"branchMap":{},"s":{"0":0,"1":0,"2":0,"3":0,"4":0,"5":0,"6":0},"f":{"0":0,"1":0,"2":0,"3":0},"b":{}}
,"C:\\Users\\User\\frontend_proyecto_adopcion_de_mascotas\\src\\utils\\getApiErrorMessage.ts": {"path":"C:\\Users\\User\\frontend_proyecto_adopcion_de_mascotas\\src\\utils\\getApiErrorMessage.ts","statementMap":{"0":{"start":{"line":2,"column":21},"end":{"line":2,"column":51}},"1":{"start":{"line":5,"column":6},"end":{"line":8,"column":14}},"2":{"start":{"line":10,"column":4},"end":{"line":10,"column":51}},"3":{"start":{"line":10,"column":28},"end":{"line":10,"column":51}},"4":{"start":{"line":11,"column":4},"end":{"line":11,"column":23}}},"fnMap":{"0":{"name":"getApiErrorMessage","decl":{"start":{"line":1,"column":16},"end":{"line":1,"column":34}},"loc":{"start":{"line":1,"column":53},"end":{"line":12,"column":3}},"line":1}},"branchMap":{"0":{"loc":{"start":{"line":5,"column":6},"end":{"line":8,"column":14}},"type":"binary-expr","locations":[{"start":{"line":5,"column":6},"end":{"line":5,"column":34}},{"start":{"line":6,"column":6},"end":{"line":6,"column":32}},{"start":{"line":7,"column":6},"end":{"line":7,"column":18}},{"start":{"line":8,"column":6},"end":{"line":8,"column":14}}],"line":5},"1":{"loc":{"start":{"line":10,"column":4},"end":{"line":10,"column":51}},"type":"if","locations":[{"start":{"line":10,"column":4},"end":{"line":10,"column":51}},{"start":{},"end":{}}],"line":10}},"s":{"0":0,"1":0,"2":0,"3":0,"4":0},"f":{"0":0},"b":{"0":[0,0,0,0],"1":[0,0]}}
,"C:\\Users\\User\\frontend_proyecto_adopcion_de_mascotas\\src\\utils\\jwt.ts": {"path":"C:\\Users\\User\\frontend_proyecto_adopcion_de_mascotas\\src\\utils\\jwt.ts","statementMap":{"0":{"start":{"line":4,"column":14},"end":{"line":4,"column":54}},"1":{"start":{"line":5,"column":17},"end":{"line":5,"column":68}},"2":{"start":{"line":6,"column":18},"end":{"line":6,"column":30}},"3":{"start":{"line":7,"column":2},"end":{"line":16,"column":3}},"4":{"start":{"line":8,"column":4},"end":{"line":13,"column":6}},"5":{"start":{"line":11,"column":20},"end":{"line":11,"column":71}},"6":{"start":{"line":15,"column":4},"end":{"line":15,"column":19}},"7":{"start":{"line":20,"column":2},"end":{"line":26,"column":3}},"8":{"start":{"line":21,"column":18},"end":{"line":21,"column":34}},"9":{"start":{"line":22,"column":4},"end":{"line":22,"column":40}},"10":{"start":{"line":22,"column":28},"end":{"line":22,"column":40}},"11":{"start":{"line":23,"column":4},"end":{"line":23,"column":60}},"12":{"start":{"line":25,"column":4},"end":{"line":25,"column":16}}},"fnMap":{"0":{"name":"b64urlDecode","decl":{"start":{"line":3,"column":9},"end":{"line":3,"column":21}},"loc":{"start":{"line":3,"column":45},"end":{"line":17,"column":1}},"line":3},"1":{"name":"(anonymous_1)","decl":{"start":{"line":11,"column":13},"end":{"line":11,"column":14}},"loc":{"start":{"line":11,"column":20},"end":{"line":11,"column":71}},"line":11},"2":{"name":"decodeJwt","decl":{"start":{"line":19,"column":16},"end":{"line":19,"column":25}},"loc":{"start":{"line":19,"column":60},"end":{"line":27,"column":1}},"line":19}},"branchMap":{"0":{"loc":{"start":{"line":22,"column":4},"end":{"line":22,"column":40}},"type":"if","locations":[{"start":{"line":22,"column":4},"end":{"line":22,"column":40}},{"start":{},"end":{}}],"line":22}},"s":{"0":0,"1":0,"2":0,"3":0,"4":0,"5":0,"6":0,"7":0,"8":0,"9":0,"10":0,"11":0,"12":0},"f":{"0":0,"1":0,"2":0},"b":{"0":[0,0]}}
}
